{"level":30,"time":1764618272893,"pid":24236,"hostname":"Max","msg":"El servidor funciona correctamente en: http://localhost:8080"}
{"level":30,"time":1764618494961,"pid":28256,"hostname":"Max","msg":"El servidor funciona correctamente en: http://localhost:8080"}
{"level":30,"time":1764618512377,"pid":276,"hostname":"Max","msg":"El servidor funciona correctamente en: http://localhost:8080"}
{"level":50,"time":1764618527944,"pid":276,"hostname":"Max","msg":"No se recibió la data"}
{"level":50,"time":1764618528559,"pid":276,"hostname":"Max","msg":"No se recibió la data"}
{"level":30,"time":1764618573473,"pid":276,"hostname":"Max","msg":"Se recibió la data"}
{"level":30,"time":1764618573473,"pid":276,"hostname":"Max","msg":"Algo"}
{"level":30,"time":1764618611099,"pid":27764,"hostname":"Max","msg":"El servidor funciona correctamente en: http://localhost:8080"}
{"level":30,"time":1764618769874,"pid":27904,"hostname":"Max","msg":"El servidor funciona correctamente en: http://localhost:8080"}
{"level":30,"time":1764618778776,"pid":15968,"hostname":"Max","msg":"El servidor funciona correctamente en: http://localhost:8080"}
{"level":30,"time":1764618870362,"pid":14288,"hostname":"Max","msg":"El servidor funciona correctamente en: http://localhost:8080"}
{"level":30,"time":1764618941135,"pid":13172,"hostname":"Max","msg":"El servidor funciona correctamente en: http://localhost:8080"}
{"level":30,"time":1764618950122,"pid":27228,"hostname":"Max","msg":"El servidor funciona correctamente en: http://localhost:8080"}
{"level":30,"time":1764618981207,"pid":26544,"hostname":"Max","msg":"El servidor funciona correctamente en: http://localhost:8080"}
{"level":30,"time":1764619051889,"pid":18984,"hostname":"Max","msg":"El servidor funciona correctamente en: http://localhost:8080"}
{"level":30,"time":1764619113936,"pid":16744,"hostname":"Max","msg":"El servidor funciona correctamente en: http://localhost:8080"}
{"level":30,"time":1764619232002,"pid":20656,"hostname":"Max","msg":"El servidor funciona correctamente en: http://localhost:8080"}
{"level":50,"time":1764619232003,"pid":20656,"hostname":"Max","msg":"No se pudo conectar a la base de datos"}
{"level":50,"time":1764619232003,"pid":20656,"hostname":"Max","err":{"type":"MongoParseError","message":"Invalid scheme, expected connection string to start with \"mongodb://\" or \"mongodb+srv://\"","stack":"MongoParseError: Invalid scheme, expected connection string to start with \"mongodb://\" or \"mongodb+srv://\"\n    at new ConnectionString (D:\\_courses\\84307-node.js-backend\\clase-07\\02.backend-integrador\\node_modules\\mongodb-connection-string-url\\lib\\index.js:85:19)\n    at parseOptions (D:\\_courses\\84307-node.js-backend\\clase-07\\02.backend-integrador\\node_modules\\mongodb\\lib\\connection_string.js:197:17)\n    at new MongoClient (D:\\_courses\\84307-node.js-backend\\clase-07\\02.backend-integrador\\node_modules\\mongodb\\lib\\mongo_client.js:67:61)\n    at NativeConnection.createClient (D:\\_courses\\84307-node.js-backend\\clase-07\\02.backend-integrador\\node_modules\\mongoose\\lib\\drivers\\node-mongodb-native\\connection.js:336:14)\n    at NativeConnection.openUri (D:\\_courses\\84307-node.js-backend\\clase-07\\02.backend-integrador\\node_modules\\mongoose\\lib\\connection.js:1075:34)\n    at Mongoose.connect (D:\\_courses\\84307-node.js-backend\\clase-07\\02.backend-integrador\\node_modules\\mongoose\\lib\\mongoose.js:451:15)\n    at handleConnection (file:///D:/_courses/84307-node.js-backend/clase-07/02.backend-integrador/utils/handle-connection.js:6:24)\n    at Server.<anonymous> (file:///D:/_courses/84307-node.js-backend/clase-07/02.backend-integrador/server.js:40:3)\n    at Server.f (D:\\_courses\\84307-node.js-backend\\clase-07\\02.backend-integrador\\node_modules\\once\\once.js:25:25)\n    at Object.onceWrapper (node:events:622:28)"},"msg":"Invalid scheme, expected connection string to start with \"mongodb://\" or \"mongodb+srv://\""}
{"level":30,"time":1764619236366,"pid":26324,"hostname":"Max","msg":"El servidor funciona correctamente en: http://localhost:8080"}
{"level":50,"time":1764619236367,"pid":26324,"hostname":"Max","msg":"No se pudo conectar a la base de datos"}
{"level":50,"time":1764619236367,"pid":26324,"hostname":"Max","err":{"type":"MongoParseError","message":"Invalid scheme, expected connection string to start with \"mongodb://\" or \"mongodb+srv://\"","stack":"MongoParseError: Invalid scheme, expected connection string to start with \"mongodb://\" or \"mongodb+srv://\"\n    at new ConnectionString (D:\\_courses\\84307-node.js-backend\\clase-07\\02.backend-integrador\\node_modules\\mongodb-connection-string-url\\lib\\index.js:85:19)\n    at parseOptions (D:\\_courses\\84307-node.js-backend\\clase-07\\02.backend-integrador\\node_modules\\mongodb\\lib\\connection_string.js:197:17)\n    at new MongoClient (D:\\_courses\\84307-node.js-backend\\clase-07\\02.backend-integrador\\node_modules\\mongodb\\lib\\mongo_client.js:67:61)\n    at NativeConnection.createClient (D:\\_courses\\84307-node.js-backend\\clase-07\\02.backend-integrador\\node_modules\\mongoose\\lib\\drivers\\node-mongodb-native\\connection.js:336:14)\n    at NativeConnection.openUri (D:\\_courses\\84307-node.js-backend\\clase-07\\02.backend-integrador\\node_modules\\mongoose\\lib\\connection.js:1075:34)\n    at Mongoose.connect (D:\\_courses\\84307-node.js-backend\\clase-07\\02.backend-integrador\\node_modules\\mongoose\\lib\\mongoose.js:451:15)\n    at handleConnection (file:///D:/_courses/84307-node.js-backend/clase-07/02.backend-integrador/utils/handle-connection.js:6:24)\n    at Server.<anonymous> (file:///D:/_courses/84307-node.js-backend/clase-07/02.backend-integrador/server.js:40:3)\n    at Server.f (D:\\_courses\\84307-node.js-backend\\clase-07\\02.backend-integrador\\node_modules\\once\\once.js:25:25)\n    at Object.onceWrapper (node:events:622:28)"},"msg":"Invalid scheme, expected connection string to start with \"mongodb://\" or \"mongodb+srv://\""}
{"level":30,"time":1764619257439,"pid":28476,"hostname":"Max","msg":"El servidor funciona correctamente en: http://localhost:8080"}
{"level":30,"time":1764619372970,"pid":7400,"hostname":"Max","msg":"El servidor funciona correctamente en: http://localhost:8080"}
{"level":30,"time":1764619384920,"pid":22036,"hostname":"Max","msg":"El servidor funciona correctamente en: http://localhost:8080"}
{"level":30,"time":1764619414085,"pid":23004,"hostname":"Max","msg":"El servidor funciona correctamente en: http://localhost:8080"}
{"level":30,"time":1764619425734,"pid":26328,"hostname":"Max","msg":"El servidor funciona correctamente en: http://localhost:8080"}
{"level":50,"time":1764619455754,"pid":26328,"hostname":"Max","msg":"No se pudo conectar a la base de datos"}
{"level":50,"time":1764619455754,"pid":26328,"hostname":"Max","err":{"type":"MongooseServerSelectionError","message":"connect ECONNREFUSED ::1:27017, connect ECONNREFUSED 127.0.0.1:27017","stack":"MongooseServerSelectionError: connect ECONNREFUSED ::1:27017, connect ECONNREFUSED 127.0.0.1:27017\n    at _handleConnectionErrors (D:\\_courses\\84307-node.js-backend\\clase-07\\02.backend-integrador\\node_modules\\mongoose\\lib\\connection.js:1169:11)\n    at NativeConnection.openUri (D:\\_courses\\84307-node.js-backend\\clase-07\\02.backend-integrador\\node_modules\\mongoose\\lib\\connection.js:1100:11)\n    at async handleConnection (file:///D:/_courses/84307-node.js-backend/clase-07/02.backend-integrador/utils/handle-connection.js:6:9)","errorLabelSet":{},"reason":{"type":"Unknown","servers":{"localhost:27017":{"address":"localhost:27017","type":"Unknown","hosts":[],"passives":[],"arbiters":[],"tags":{},"minWireVersion":0,"maxWireVersion":0,"roundTripTime":-1,"minRoundTripTime":0,"lastUpdateTime":11413189,"lastWriteDate":0,"error":{"errorLabelSet":{},"beforeHandshake":false},"topologyVersion":null,"setName":null,"setVersion":null,"electionId":null,"logicalSessionTimeoutMinutes":null,"maxMessageSizeBytes":null,"maxWriteBatchSize":null,"maxBsonObjectSize":null,"primary":null,"me":null,"$clusterTime":null,"iscryptd":false}},"stale":false,"compatible":true,"heartbeatFrequencyMS":10000,"localThresholdMS":15,"setName":null,"maxElectionId":null,"maxSetVersion":null,"commonWireVersion":0,"logicalSessionTimeoutMinutes":null},"cause":{"type":"Unknown","servers":{"localhost:27017":{"address":"localhost:27017","type":"Unknown","hosts":[],"passives":[],"arbiters":[],"tags":{},"minWireVersion":0,"maxWireVersion":0,"roundTripTime":-1,"minRoundTripTime":0,"lastUpdateTime":11413189,"lastWriteDate":0,"error":{"errorLabelSet":{},"beforeHandshake":false},"topologyVersion":null,"setName":null,"setVersion":null,"electionId":null,"logicalSessionTimeoutMinutes":null,"maxMessageSizeBytes":null,"maxWriteBatchSize":null,"maxBsonObjectSize":null,"primary":null,"me":null,"$clusterTime":null,"iscryptd":false}},"stale":false,"compatible":true,"heartbeatFrequencyMS":10000,"localThresholdMS":15,"setName":null,"maxElectionId":null,"maxSetVersion":null,"commonWireVersion":0,"logicalSessionTimeoutMinutes":null}},"msg":"connect ECONNREFUSED ::1:27017, connect ECONNREFUSED 127.0.0.1:27017"}
{"level":30,"time":1764619505916,"pid":18468,"hostname":"Max","msg":"El servidor funciona correctamente en: http://localhost:8080"}
{"level":30,"time":1764696431281,"pid":29664,"hostname":"Max","msg":"El servidor funciona correctamente en: http://localhost:8080"}
{"level":30,"time":1764696431318,"pid":29664,"hostname":"Max","msg":"Se conecto a la DB"}
{"level":30,"time":1764696539594,"pid":21588,"hostname":"Max","msg":"El servidor funciona correctamente en: http://localhost:8080"}
{"level":30,"time":1764696539623,"pid":21588,"hostname":"Max","msg":"Se conecto a la DB"}
{"level":30,"time":1764696831503,"pid":3128,"hostname":"Max","msg":"El servidor funciona correctamente en: http://localhost:8080"}
{"level":30,"time":1764696831537,"pid":3128,"hostname":"Max","msg":"Se conecto a la DB"}
{"level":30,"time":1764697068350,"pid":13784,"hostname":"Max","msg":"El servidor funciona correctamente en: http://localhost:8080"}
{"level":30,"time":1764697068375,"pid":13784,"hostname":"Max","msg":"Se conecto a la DB"}
{"level":30,"time":1764697105319,"pid":5728,"hostname":"Max","msg":"El servidor funciona correctamente en: http://localhost:8080"}
{"level":30,"time":1764697105347,"pid":5728,"hostname":"Max","msg":"Se conecto a la DB"}
{"level":30,"time":1764697128482,"pid":1828,"hostname":"Max","msg":"El servidor funciona correctamente en: http://localhost:8080"}
{"level":30,"time":1764697128507,"pid":1828,"hostname":"Max","msg":"Se conecto a la DB"}
{"level":30,"time":1764697228550,"pid":27356,"hostname":"Max","msg":"El servidor funciona correctamente en: http://localhost:8080"}
{"level":30,"time":1764697228576,"pid":27356,"hostname":"Max","msg":"Se conecto a la DB"}
{"level":30,"time":1764697239409,"pid":18292,"hostname":"Max","msg":"El servidor funciona correctamente en: http://localhost:8080"}
{"level":30,"time":1764697239435,"pid":18292,"hostname":"Max","msg":"Se conecto a la DB"}
{"level":30,"time":1764697291299,"pid":24760,"hostname":"Max","msg":"El servidor funciona correctamente en: http://localhost:8080"}
{"level":30,"time":1764697291330,"pid":24760,"hostname":"Max","msg":"Se conecto a la DB"}
{"level":50,"time":1764697607613,"pid":24760,"hostname":"Max","msg":"No se recibió la data"}
{"level":50,"time":1764697608295,"pid":24760,"hostname":"Max","msg":"No se recibió la data"}
{"level":30,"time":1764697647954,"pid":12072,"hostname":"Max","msg":"El servidor funciona correctamente en: http://localhost:8080"}
{"level":30,"time":1764697647980,"pid":12072,"hostname":"Max","msg":"Se conecto a la DB"}
{"level":50,"time":1764697649661,"pid":12072,"hostname":"Max","msg":"No se recibió la data"}
{"level":50,"time":1764697650340,"pid":12072,"hostname":"Max","msg":"No se recibió la data"}
{"level":50,"time":1764697650554,"pid":12072,"hostname":"Max","msg":"No se recibió la data"}
{"level":30,"time":1764697654590,"pid":3732,"hostname":"Max","msg":"El servidor funciona correctamente en: http://localhost:8080"}
{"level":30,"time":1764697654628,"pid":3732,"hostname":"Max","msg":"Se conecto a la DB"}
{"level":30,"time":1764697695583,"pid":21028,"hostname":"Max","msg":"El servidor funciona correctamente en: http://localhost:8080"}
{"level":30,"time":1764697695614,"pid":21028,"hostname":"Max","msg":"Se conecto a la DB"}
{"level":30,"time":1764697838400,"pid":10308,"hostname":"Max","msg":"El servidor funciona correctamente en: http://localhost:8080"}
{"level":30,"time":1764697838426,"pid":10308,"hostname":"Max","msg":"Se conecto a la DB"}
{"level":30,"time":1764697929647,"pid":9308,"hostname":"Max","msg":"El servidor funciona correctamente en: http://localhost:8080"}
{"level":30,"time":1764697929672,"pid":9308,"hostname":"Max","msg":"Se conecto a la DB"}
{"level":30,"time":1764697965708,"pid":19760,"hostname":"Max","msg":"El servidor funciona correctamente en: http://localhost:8080"}
{"level":30,"time":1764697965735,"pid":19760,"hostname":"Max","msg":"Se conecto a la DB"}
{"level":30,"time":1764697996018,"pid":24440,"hostname":"Max","msg":"El servidor funciona correctamente en: http://localhost:8080"}
{"level":30,"time":1764697996047,"pid":24440,"hostname":"Max","msg":"Se conecto a la DB"}
{"level":30,"time":1764698006306,"pid":19992,"hostname":"Max","msg":"El servidor funciona correctamente en: http://localhost:8080"}
{"level":30,"time":1764698006331,"pid":19992,"hostname":"Max","msg":"Se conecto a la DB"}
{"level":30,"time":1764698363918,"pid":13684,"hostname":"Max","msg":"El servidor funciona correctamente en: http://localhost:8080"}
{"level":30,"time":1764698363972,"pid":13684,"hostname":"Max","msg":"Se conecto a la DB"}
{"level":30,"time":1764698484718,"pid":12112,"hostname":"Max","msg":"El servidor funciona correctamente en: http://localhost:8080"}
{"level":30,"time":1764698484745,"pid":12112,"hostname":"Max","msg":"Se conecto a la DB"}
{"level":30,"time":1764698707133,"pid":10120,"hostname":"Max","msg":"El servidor funciona correctamente en: http://localhost:8080"}
{"level":30,"time":1764698707159,"pid":10120,"hostname":"Max","msg":"Se conecto a la DB"}
{"level":30,"time":1764699007185,"pid":20256,"hostname":"Max","msg":"El servidor funciona correctamente en: http://localhost:8080"}
{"level":30,"time":1764699007211,"pid":20256,"hostname":"Max","msg":"Se conecto a la DB"}
{"level":30,"time":1764699011719,"pid":9048,"hostname":"Max","msg":"El servidor funciona correctamente en: http://localhost:8080"}
{"level":30,"time":1764699011760,"pid":9048,"hostname":"Max","msg":"Se conecto a la DB"}
{"level":30,"time":1764699989660,"pid":3036,"hostname":"Max","msg":"El servidor funciona correctamente en: http://localhost:8080"}
{"level":30,"time":1764699989689,"pid":3036,"hostname":"Max","msg":"Se conecto a la DB"}
{"level":30,"time":1764700192007,"pid":25672,"hostname":"Max","msg":"El servidor funciona correctamente en: http://localhost:8080"}
{"level":30,"time":1764700192031,"pid":25672,"hostname":"Max","msg":"Se conecto a la DB"}
{"level":30,"time":1764700229488,"pid":25920,"hostname":"Max","msg":"El servidor funciona correctamente en: http://localhost:8080"}
{"level":30,"time":1764700229519,"pid":25920,"hostname":"Max","msg":"Se conecto a la DB"}
{"level":30,"time":1764700305051,"pid":28832,"hostname":"Max","msg":"El servidor funciona correctamente en: http://localhost:8080"}
{"level":30,"time":1764700305078,"pid":28832,"hostname":"Max","msg":"Se conecto a la DB"}
{"level":30,"time":1764700316053,"pid":26716,"hostname":"Max","msg":"El servidor funciona correctamente en: http://localhost:8080"}
{"level":30,"time":1764700316082,"pid":26716,"hostname":"Max","msg":"Se conecto a la DB"}
{"level":30,"time":1764700325378,"pid":28284,"hostname":"Max","msg":"El servidor funciona correctamente en: http://localhost:8080"}
{"level":30,"time":1764700325415,"pid":28284,"hostname":"Max","msg":"Se conecto a la DB"}
{"level":30,"time":1764700789690,"pid":24100,"hostname":"Max","msg":"El servidor funciona correctamente en: http://localhost:8080"}
{"level":30,"time":1764700789720,"pid":24100,"hostname":"Max","msg":"Se conecto a la DB"}
{"level":30,"time":1764700842352,"pid":2104,"hostname":"Max","msg":"El servidor funciona correctamente en: http://localhost:8080"}
{"level":30,"time":1764700842380,"pid":2104,"hostname":"Max","msg":"Se conecto a la DB"}
{"level":30,"time":1764700848023,"pid":6052,"hostname":"Max","msg":"El servidor funciona correctamente en: http://localhost:8080"}
{"level":30,"time":1764700848049,"pid":6052,"hostname":"Max","msg":"Se conecto a la DB"}
{"level":30,"time":1764701069660,"pid":27408,"hostname":"Max","msg":"El servidor funciona correctamente en: http://localhost:8080"}
{"level":30,"time":1764701069690,"pid":27408,"hostname":"Max","msg":"Se conecto a la DB"}
{"level":30,"time":1764701114794,"pid":19148,"hostname":"Max","msg":"El servidor funciona correctamente en: http://localhost:8080"}
{"level":30,"time":1764701114832,"pid":19148,"hostname":"Max","msg":"Se conecto a la DB"}
{"level":30,"time":1764701161339,"pid":6052,"hostname":"Max","msg":"El servidor funciona correctamente en: http://localhost:8080"}
{"level":30,"time":1764701161375,"pid":6052,"hostname":"Max","msg":"Se conecto a la DB"}
{"level":30,"time":1764701172078,"pid":26464,"hostname":"Max","msg":"El servidor funciona correctamente en: http://localhost:8080"}
{"level":30,"time":1764701172117,"pid":26464,"hostname":"Max","msg":"Se conecto a la DB"}
{"level":30,"time":1764701176290,"pid":28640,"hostname":"Max","msg":"El servidor funciona correctamente en: http://localhost:8080"}
{"level":30,"time":1764701176319,"pid":28640,"hostname":"Max","msg":"Se conecto a la DB"}
{"level":30,"time":1764701179352,"pid":11208,"hostname":"Max","msg":"El servidor funciona correctamente en: http://localhost:8080"}
{"level":30,"time":1764701179380,"pid":11208,"hostname":"Max","msg":"Se conecto a la DB"}
{"level":30,"time":1764701182944,"pid":23572,"hostname":"Max","msg":"El servidor funciona correctamente en: http://localhost:8080"}
{"level":30,"time":1764701182993,"pid":23572,"hostname":"Max","msg":"Se conecto a la DB"}
{"level":30,"time":1764701194653,"pid":20692,"hostname":"Max","msg":"El servidor funciona correctamente en: http://localhost:8080"}
{"level":30,"time":1764701194687,"pid":20692,"hostname":"Max","msg":"Se conecto a la DB"}
{"level":30,"time":1764701216701,"pid":9992,"hostname":"Max","msg":"El servidor funciona correctamente en: http://localhost:8080"}
{"level":30,"time":1764701216728,"pid":9992,"hostname":"Max","msg":"Se conecto a la DB"}
{"level":30,"time":1764701230480,"pid":25076,"hostname":"Max","msg":"El servidor funciona correctamente en: http://localhost:8080"}
{"level":30,"time":1764701230509,"pid":25076,"hostname":"Max","msg":"Se conecto a la DB"}
{"level":30,"time":1764701248475,"pid":13644,"hostname":"Max","msg":"El servidor funciona correctamente en: http://localhost:8080"}
{"level":30,"time":1764701248512,"pid":13644,"hostname":"Max","msg":"Se conecto a la DB"}
{"level":30,"time":1764701286832,"pid":27960,"hostname":"Max","msg":"El servidor funciona correctamente en: http://localhost:8080"}
{"level":30,"time":1764701286868,"pid":27960,"hostname":"Max","msg":"Se conecto a la DB"}
{"level":30,"time":1764701293768,"pid":5080,"hostname":"Max","msg":"El servidor funciona correctamente en: http://localhost:8080"}
{"level":30,"time":1764701293797,"pid":5080,"hostname":"Max","msg":"Se conecto a la DB"}
{"level":30,"time":1764701303423,"pid":9460,"hostname":"Max","msg":"El servidor funciona correctamente en: http://localhost:8080"}
{"level":30,"time":1764701303450,"pid":9460,"hostname":"Max","msg":"Se conecto a la DB"}
{"level":30,"time":1764701320831,"pid":28576,"hostname":"Max","msg":"El servidor funciona correctamente en: http://localhost:8080"}
{"level":30,"time":1764701320858,"pid":28576,"hostname":"Max","msg":"Se conecto a la DB"}
{"level":30,"time":1764702686450,"pid":22292,"hostname":"Max","msg":"El servidor funciona correctamente en: http://localhost:8080"}
{"level":30,"time":1764702686477,"pid":22292,"hostname":"Max","msg":"Se conecto a la DB"}
{"level":30,"time":1764702697038,"pid":5872,"hostname":"Max","msg":"El servidor funciona correctamente en: http://localhost:8080"}
{"level":30,"time":1764702697066,"pid":5872,"hostname":"Max","msg":"Se conecto a la DB"}
{"level":30,"time":1764702860666,"pid":30456,"hostname":"Max","msg":"El servidor funciona correctamente en: http://localhost:8080"}
{"level":30,"time":1764702860692,"pid":30456,"hostname":"Max","msg":"Se conecto a la DB"}
{"level":30,"time":1764702875352,"pid":30008,"hostname":"Max","msg":"El servidor funciona correctamente en: http://localhost:8080"}
{"level":30,"time":1764702875378,"pid":30008,"hostname":"Max","msg":"Se conecto a la DB"}
{"level":30,"time":1764702917018,"pid":16200,"hostname":"Max","msg":"El servidor funciona correctamente en: http://localhost:8080"}
{"level":30,"time":1764702917043,"pid":16200,"hostname":"Max","msg":"Se conecto a la DB"}
{"level":30,"time":1764702922046,"pid":27956,"hostname":"Max","msg":"El servidor funciona correctamente en: http://localhost:8080"}
{"level":30,"time":1764702922071,"pid":27956,"hostname":"Max","msg":"Se conecto a la DB"}
{"level":30,"time":1764703031505,"pid":3640,"hostname":"Max","msg":"El servidor funciona correctamente en: http://localhost:8080"}
{"level":30,"time":1764703031533,"pid":3640,"hostname":"Max","msg":"Se conecto a la DB"}
{"level":30,"time":1764703292545,"pid":13372,"hostname":"Max","msg":"El servidor funciona correctamente en: http://localhost:8080"}
{"level":30,"time":1764703292570,"pid":13372,"hostname":"Max","msg":"Se conecto a la DB"}
{"level":30,"time":1764703330968,"pid":24040,"hostname":"Max","msg":"El servidor funciona correctamente en: http://localhost:8080"}
{"level":30,"time":1764703330998,"pid":24040,"hostname":"Max","msg":"Se conecto a la DB"}
{"level":30,"time":1764703391047,"pid":29396,"hostname":"Max","msg":"El servidor funciona correctamente en: http://localhost:8080"}
{"level":30,"time":1764703391073,"pid":29396,"hostname":"Max","msg":"Se conecto a la DB"}
{"level":30,"time":1764703475077,"pid":30228,"hostname":"Max","msg":"El servidor funciona correctamente en: http://localhost:8080"}
{"level":30,"time":1764703475104,"pid":30228,"hostname":"Max","msg":"Se conecto a la DB"}
{"level":30,"time":1764703490821,"pid":28312,"hostname":"Max","msg":"El servidor funciona correctamente en: http://localhost:8080"}
{"level":30,"time":1764703490859,"pid":28312,"hostname":"Max","msg":"Se conecto a la DB"}
{"level":30,"time":1764703589996,"pid":19640,"hostname":"Max","msg":"El servidor funciona correctamente en: http://localhost:8080"}
{"level":30,"time":1764703590021,"pid":19640,"hostname":"Max","msg":"Se conecto a la DB"}
{"level":30,"time":1764703680998,"pid":6580,"hostname":"Max","msg":"El servidor funciona correctamente en: http://localhost:8080"}
{"level":30,"time":1764703681023,"pid":6580,"hostname":"Max","msg":"Se conecto a la DB"}
{"level":30,"time":1764703695414,"pid":16288,"hostname":"Max","msg":"El servidor funciona correctamente en: http://localhost:8080"}
{"level":30,"time":1764703695446,"pid":16288,"hostname":"Max","msg":"Se conecto a la DB"}
{"level":30,"time":1764704294439,"pid":29960,"hostname":"Max","msg":"El servidor funciona correctamente en: http://localhost:8080"}
{"level":30,"time":1764704294468,"pid":29960,"hostname":"Max","msg":"Se conecto a la DB"}
{"level":30,"time":1764704473983,"pid":28204,"hostname":"Max","msg":"El servidor funciona correctamente en: http://localhost:8080"}
{"level":30,"time":1764704474010,"pid":28204,"hostname":"Max","msg":"Se conecto a la DB"}
{"level":30,"time":1764704641523,"pid":3664,"hostname":"Max","msg":"El servidor funciona correctamente en: http://localhost:8080"}
{"level":30,"time":1764704641551,"pid":3664,"hostname":"Max","msg":"Se conecto a la DB"}
{"level":30,"time":1764704786734,"pid":11172,"hostname":"Max","msg":"El servidor funciona correctamente en: http://localhost:8080"}
{"level":30,"time":1764704786759,"pid":11172,"hostname":"Max","msg":"Se conecto a la DB"}
{"level":30,"time":1764705156900,"pid":4280,"hostname":"Max","msg":"El servidor funciona correctamente en: http://localhost:8080"}
{"level":30,"time":1764705156934,"pid":4280,"hostname":"Max","msg":"Se conecto a la DB"}
{"level":30,"time":1764705176937,"pid":30896,"hostname":"Max","msg":"El servidor funciona correctamente en: http://localhost:8080"}
{"level":30,"time":1764705176963,"pid":30896,"hostname":"Max","msg":"Se conecto a la DB"}
{"level":30,"time":1764705228948,"pid":31048,"hostname":"Max","msg":"El servidor funciona correctamente en: http://localhost:8080"}
{"level":30,"time":1764705228976,"pid":31048,"hostname":"Max","msg":"Se conecto a la DB"}
{"level":30,"time":1764705529167,"pid":15064,"hostname":"Max","msg":"El servidor funciona correctamente en: http://localhost:8080"}
{"level":30,"time":1764705529196,"pid":15064,"hostname":"Max","msg":"Se conecto a la DB"}
{"level":30,"time":1764705670449,"pid":7272,"hostname":"Max","msg":"El servidor funciona correctamente en: http://localhost:8080"}
{"level":30,"time":1764705670479,"pid":7272,"hostname":"Max","msg":"Se conecto a la DB"}
{"level":30,"time":1764705729811,"pid":31364,"hostname":"Max","msg":"El servidor funciona correctamente en: http://localhost:8080"}
{"level":30,"time":1764781743135,"pid":16744,"hostname":"Max","msg":"El servidor funciona correctamente en: http://localhost:8080"}
{"level":50,"time":1764781773165,"pid":16744,"hostname":"Max","msg":"No se pudo conectar a la base de datos"}
{"level":50,"time":1764781773165,"pid":16744,"hostname":"Max","err":{"type":"MongooseServerSelectionError","message":"connect ECONNREFUSED ::1:27017, connect ECONNREFUSED 127.0.0.1:27017","stack":"MongooseServerSelectionError: connect ECONNREFUSED ::1:27017, connect ECONNREFUSED 127.0.0.1:27017\n    at _handleConnectionErrors (D:\\_courses\\84307-node.js-backend\\clase-09\\01.backend-integrador.cont\\node_modules\\mongoose\\lib\\connection.js:1169:11)\n    at NativeConnection.openUri (D:\\_courses\\84307-node.js-backend\\clase-09\\01.backend-integrador.cont\\node_modules\\mongoose\\lib\\connection.js:1100:11)\n    at async handleConnection (file:///D:/_courses/84307-node.js-backend/clase-09/01.backend-integrador.cont/utils/handle-connection.js:6:9)","errorLabelSet":{},"reason":{"type":"Unknown","servers":{"localhost:27017":{"address":"localhost:27017","type":"Unknown","hosts":[],"passives":[],"arbiters":[],"tags":{},"minWireVersion":0,"maxWireVersion":0,"roundTripTime":-1,"minRoundTripTime":0,"lastUpdateTime":15085750,"lastWriteDate":0,"error":{"errorLabelSet":{},"beforeHandshake":false},"topologyVersion":null,"setName":null,"setVersion":null,"electionId":null,"logicalSessionTimeoutMinutes":null,"maxMessageSizeBytes":null,"maxWriteBatchSize":null,"maxBsonObjectSize":null,"primary":null,"me":null,"$clusterTime":null,"iscryptd":false}},"stale":false,"compatible":true,"heartbeatFrequencyMS":10000,"localThresholdMS":15,"setName":null,"maxElectionId":null,"maxSetVersion":null,"commonWireVersion":0,"logicalSessionTimeoutMinutes":null},"cause":{"type":"Unknown","servers":{"localhost:27017":{"address":"localhost:27017","type":"Unknown","hosts":[],"passives":[],"arbiters":[],"tags":{},"minWireVersion":0,"maxWireVersion":0,"roundTripTime":-1,"minRoundTripTime":0,"lastUpdateTime":15085750,"lastWriteDate":0,"error":{"errorLabelSet":{},"beforeHandshake":false},"topologyVersion":null,"setName":null,"setVersion":null,"electionId":null,"logicalSessionTimeoutMinutes":null,"maxMessageSizeBytes":null,"maxWriteBatchSize":null,"maxBsonObjectSize":null,"primary":null,"me":null,"$clusterTime":null,"iscryptd":false}},"stale":false,"compatible":true,"heartbeatFrequencyMS":10000,"localThresholdMS":15,"setName":null,"maxElectionId":null,"maxSetVersion":null,"commonWireVersion":0,"logicalSessionTimeoutMinutes":null}},"msg":"connect ECONNREFUSED ::1:27017, connect ECONNREFUSED 127.0.0.1:27017"}
{"level":30,"time":1764782126544,"pid":7664,"hostname":"Max","msg":"El servidor funciona correctamente en: http://localhost:8080"}
{"level":30,"time":1764782126581,"pid":7664,"hostname":"Max","msg":"Se conecto a la DB"}
{"level":30,"time":1764782353938,"pid":24900,"hostname":"Max","msg":"El servidor funciona correctamente en: http://localhost:8080"}
{"level":30,"time":1764782353966,"pid":24900,"hostname":"Max","msg":"Se conecto a la DB"}
{"level":30,"time":1764782367036,"pid":28692,"hostname":"Max","msg":"El servidor funciona correctamente en: http://localhost:8080"}
{"level":30,"time":1764782367061,"pid":28692,"hostname":"Max","msg":"Se conecto a la DB"}
{"level":30,"time":1764782543552,"pid":27980,"hostname":"Max","msg":"El servidor funciona correctamente en: http://localhost:8080"}
{"level":30,"time":1764782543579,"pid":27980,"hostname":"Max","msg":"Se conecto a la DB"}
{"level":30,"time":1764782548644,"pid":31676,"hostname":"Max","msg":"El servidor funciona correctamente en: http://localhost:8080"}
{"level":30,"time":1764782548675,"pid":31676,"hostname":"Max","msg":"Se conecto a la DB"}
{"level":30,"time":1764782589765,"pid":29020,"hostname":"Max","msg":"El servidor funciona correctamente en: http://localhost:8080"}
{"level":30,"time":1764782589794,"pid":29020,"hostname":"Max","msg":"Se conecto a la DB"}
{"level":30,"time":1764782695032,"pid":23048,"hostname":"Max","msg":"El servidor funciona correctamente en: http://localhost:8080"}
{"level":30,"time":1764782695061,"pid":23048,"hostname":"Max","msg":"Se conecto a la DB"}
{"level":30,"time":1764782757528,"pid":20804,"hostname":"Max","msg":"El servidor funciona correctamente en: http://localhost:8080"}
{"level":30,"time":1764782757556,"pid":20804,"hostname":"Max","msg":"Se conecto a la DB"}
{"level":30,"time":1764782965181,"pid":28052,"hostname":"Max","msg":"El servidor funciona correctamente en: http://localhost:8080"}
{"level":30,"time":1764782965214,"pid":28052,"hostname":"Max","msg":"Se conecto a la DB"}
{"level":30,"time":1764783019392,"pid":28760,"hostname":"Max","msg":"El servidor funciona correctamente en: http://localhost:8080"}
{"level":30,"time":1764783019424,"pid":28760,"hostname":"Max","msg":"Se conecto a la DB"}
{"level":30,"time":1764783257612,"pid":26048,"hostname":"Max","msg":"El servidor funciona correctamente en: http://localhost:8080"}
{"level":30,"time":1764783257643,"pid":26048,"hostname":"Max","msg":"Se conecto a la DB"}
{"level":30,"time":1764783415377,"pid":18172,"hostname":"Max","msg":"El servidor funciona correctamente en: http://localhost:8080"}
{"level":30,"time":1764783415406,"pid":18172,"hostname":"Max","msg":"Se conecto a la DB"}
{"level":30,"time":1764783436827,"pid":29072,"hostname":"Max","msg":"El servidor funciona correctamente en: http://localhost:8080"}
{"level":30,"time":1764783436863,"pid":29072,"hostname":"Max","msg":"Se conecto a la DB"}
{"level":30,"time":1764783441491,"pid":9280,"hostname":"Max","msg":"El servidor funciona correctamente en: http://localhost:8080"}
{"level":30,"time":1764783441524,"pid":9280,"hostname":"Max","msg":"Se conecto a la DB"}
{"level":30,"time":1764783746988,"pid":1968,"hostname":"Max","msg":"El servidor funciona correctamente en: http://localhost:8080"}
{"level":30,"time":1764783747016,"pid":1968,"hostname":"Max","msg":"Se conecto a la DB"}
{"level":30,"time":1764783770226,"pid":28340,"hostname":"Max","msg":"El servidor funciona correctamente en: http://localhost:8080"}
{"level":30,"time":1764783770254,"pid":28340,"hostname":"Max","msg":"Se conecto a la DB"}
{"level":30,"time":1764783834734,"pid":13136,"hostname":"Max","msg":"El servidor funciona correctamente en: http://localhost:8080"}
{"level":30,"time":1764783834764,"pid":13136,"hostname":"Max","msg":"Se conecto a la DB"}
{"level":30,"time":1764783916700,"pid":27708,"hostname":"Max","msg":"El servidor funciona correctamente en: http://localhost:8080"}
{"level":30,"time":1764783916732,"pid":27708,"hostname":"Max","msg":"Se conecto a la DB"}
{"level":30,"time":1764784603447,"pid":16772,"hostname":"Max","msg":"El servidor funciona correctamente en: http://localhost:8080"}
{"level":30,"time":1764784603475,"pid":16772,"hostname":"Max","msg":"Se conecto a la DB"}
{"level":30,"time":1764784909557,"pid":31576,"hostname":"Max","msg":"El servidor funciona correctamente en: http://localhost:8080"}
{"level":30,"time":1764784909585,"pid":31576,"hostname":"Max","msg":"Se conecto a la DB"}
{"level":30,"time":1764784912089,"pid":3724,"hostname":"Max","msg":"El servidor funciona correctamente en: http://localhost:8080"}
{"level":30,"time":1764784912119,"pid":3724,"hostname":"Max","msg":"Se conecto a la DB"}
{"level":30,"time":1764785344445,"pid":17348,"hostname":"Max","msg":"El servidor funciona correctamente en: http://localhost:8080"}
{"level":30,"time":1764785344472,"pid":17348,"hostname":"Max","msg":"Se conecto a la DB"}
{"level":30,"time":1764785357616,"pid":27220,"hostname":"Max","msg":"El servidor funciona correctamente en: http://localhost:8080"}
{"level":30,"time":1764785357645,"pid":27220,"hostname":"Max","msg":"Se conecto a la DB"}
{"level":30,"time":1764785404900,"pid":17256,"hostname":"Max","msg":"El servidor funciona correctamente en: http://localhost:8080"}
{"level":30,"time":1764785404926,"pid":17256,"hostname":"Max","msg":"Se conecto a la DB"}
{"level":30,"time":1764785444757,"pid":30368,"hostname":"Max","msg":"El servidor funciona correctamente en: http://localhost:8080"}
{"level":30,"time":1764785444786,"pid":30368,"hostname":"Max","msg":"Se conecto a la DB"}
{"level":30,"time":1764785463959,"pid":25572,"hostname":"Max","msg":"El servidor funciona correctamente en: http://localhost:8080"}
{"level":30,"time":1764785463989,"pid":25572,"hostname":"Max","msg":"Se conecto a la DB"}
{"level":30,"time":1764785479349,"pid":11544,"hostname":"Max","msg":"El servidor funciona correctamente en: http://localhost:8080"}
{"level":30,"time":1764785479378,"pid":11544,"hostname":"Max","msg":"Se conecto a la DB"}
{"level":30,"time":1764785506142,"pid":19680,"hostname":"Max","msg":"El servidor funciona correctamente en: http://localhost:8080"}
{"level":30,"time":1764785506172,"pid":19680,"hostname":"Max","msg":"Se conecto a la DB"}
{"level":30,"time":1764785515871,"pid":2536,"hostname":"Max","msg":"El servidor funciona correctamente en: http://localhost:8080"}
{"level":30,"time":1764785515898,"pid":2536,"hostname":"Max","msg":"Se conecto a la DB"}
{"level":30,"time":1764785633571,"pid":8436,"hostname":"Max","msg":"El servidor funciona correctamente en: http://localhost:8080"}
{"level":30,"time":1764785633599,"pid":8436,"hostname":"Max","msg":"Se conecto a la DB"}
{"level":30,"time":1764785644662,"pid":20800,"hostname":"Max","msg":"El servidor funciona correctamente en: http://localhost:8080"}
{"level":30,"time":1764785644690,"pid":20800,"hostname":"Max","msg":"Se conecto a la DB"}
{"level":30,"time":1765309217286,"pid":9964,"hostname":"Max","msg":"El servidor funciona correctamente en: http://localhost:8080"}
{"level":50,"time":1765309247318,"pid":9964,"hostname":"Max","msg":"No se pudo conectar a la base de datos"}
{"level":50,"time":1765309247318,"pid":9964,"hostname":"Max","err":{"type":"MongooseServerSelectionError","message":"connect ECONNREFUSED ::1:27017, connect ECONNREFUSED 127.0.0.1:27017","stack":"MongooseServerSelectionError: connect ECONNREFUSED ::1:27017, connect ECONNREFUSED 127.0.0.1:27017\n    at _handleConnectionErrors (D:\\_courses\\84307-node.js-backend\\clase-11\\02.backend-integrador.cont\\node_modules\\mongoose\\lib\\connection.js:1169:11)\n    at NativeConnection.openUri (D:\\_courses\\84307-node.js-backend\\clase-11\\02.backend-integrador.cont\\node_modules\\mongoose\\lib\\connection.js:1100:11)\n    at async handleConnection (file:///D:/_courses/84307-node.js-backend/clase-11/02.backend-integrador.cont/utils/handle-connection.js:6:9)","errorLabelSet":{},"reason":{"type":"Unknown","servers":{"localhost:27017":{"address":"localhost:27017","type":"Unknown","hosts":[],"passives":[],"arbiters":[],"tags":{},"minWireVersion":0,"maxWireVersion":0,"roundTripTime":-1,"minRoundTripTime":0,"lastUpdateTime":29445459,"lastWriteDate":0,"error":{"errorLabelSet":{},"beforeHandshake":false},"topologyVersion":null,"setName":null,"setVersion":null,"electionId":null,"logicalSessionTimeoutMinutes":null,"maxMessageSizeBytes":null,"maxWriteBatchSize":null,"maxBsonObjectSize":null,"primary":null,"me":null,"$clusterTime":null,"iscryptd":false}},"stale":false,"compatible":true,"heartbeatFrequencyMS":10000,"localThresholdMS":15,"setName":null,"maxElectionId":null,"maxSetVersion":null,"commonWireVersion":0,"logicalSessionTimeoutMinutes":null},"cause":{"type":"Unknown","servers":{"localhost:27017":{"address":"localhost:27017","type":"Unknown","hosts":[],"passives":[],"arbiters":[],"tags":{},"minWireVersion":0,"maxWireVersion":0,"roundTripTime":-1,"minRoundTripTime":0,"lastUpdateTime":29445459,"lastWriteDate":0,"error":{"errorLabelSet":{},"beforeHandshake":false},"topologyVersion":null,"setName":null,"setVersion":null,"electionId":null,"logicalSessionTimeoutMinutes":null,"maxMessageSizeBytes":null,"maxWriteBatchSize":null,"maxBsonObjectSize":null,"primary":null,"me":null,"$clusterTime":null,"iscryptd":false}},"stale":false,"compatible":true,"heartbeatFrequencyMS":10000,"localThresholdMS":15,"setName":null,"maxElectionId":null,"maxSetVersion":null,"commonWireVersion":0,"logicalSessionTimeoutMinutes":null}},"msg":"connect ECONNREFUSED ::1:27017, connect ECONNREFUSED 127.0.0.1:27017"}
{"level":30,"time":1765309257966,"pid":32392,"hostname":"Max","msg":"El servidor funciona correctamente en: http://localhost:8080"}
{"level":50,"time":1765309287985,"pid":32392,"hostname":"Max","msg":"No se pudo conectar a la base de datos"}
{"level":50,"time":1765309287985,"pid":32392,"hostname":"Max","err":{"type":"MongooseServerSelectionError","message":"connect ECONNREFUSED ::1:27017, connect ECONNREFUSED 127.0.0.1:27017","stack":"MongooseServerSelectionError: connect ECONNREFUSED ::1:27017, connect ECONNREFUSED 127.0.0.1:27017\n    at _handleConnectionErrors (D:\\_courses\\84307-node.js-backend\\clase-11\\02.backend-integrador.cont\\node_modules\\mongoose\\lib\\connection.js:1169:11)\n    at NativeConnection.openUri (D:\\_courses\\84307-node.js-backend\\clase-11\\02.backend-integrador.cont\\node_modules\\mongoose\\lib\\connection.js:1100:11)\n    at async handleConnection (file:///D:/_courses/84307-node.js-backend/clase-11/02.backend-integrador.cont/utils/handle-connection.js:6:9)","errorLabelSet":{},"reason":{"type":"Unknown","servers":{"localhost:27017":{"address":"localhost:27017","type":"Unknown","hosts":[],"passives":[],"arbiters":[],"tags":{},"minWireVersion":0,"maxWireVersion":0,"roundTripTime":-1,"minRoundTripTime":0,"lastUpdateTime":29486154,"lastWriteDate":0,"error":{"errorLabelSet":{},"beforeHandshake":false},"topologyVersion":null,"setName":null,"setVersion":null,"electionId":null,"logicalSessionTimeoutMinutes":null,"maxMessageSizeBytes":null,"maxWriteBatchSize":null,"maxBsonObjectSize":null,"primary":null,"me":null,"$clusterTime":null,"iscryptd":false}},"stale":false,"compatible":true,"heartbeatFrequencyMS":10000,"localThresholdMS":15,"setName":null,"maxElectionId":null,"maxSetVersion":null,"commonWireVersion":0,"logicalSessionTimeoutMinutes":null},"cause":{"type":"Unknown","servers":{"localhost:27017":{"address":"localhost:27017","type":"Unknown","hosts":[],"passives":[],"arbiters":[],"tags":{},"minWireVersion":0,"maxWireVersion":0,"roundTripTime":-1,"minRoundTripTime":0,"lastUpdateTime":29486154,"lastWriteDate":0,"error":{"errorLabelSet":{},"beforeHandshake":false},"topologyVersion":null,"setName":null,"setVersion":null,"electionId":null,"logicalSessionTimeoutMinutes":null,"maxMessageSizeBytes":null,"maxWriteBatchSize":null,"maxBsonObjectSize":null,"primary":null,"me":null,"$clusterTime":null,"iscryptd":false}},"stale":false,"compatible":true,"heartbeatFrequencyMS":10000,"localThresholdMS":15,"setName":null,"maxElectionId":null,"maxSetVersion":null,"commonWireVersion":0,"logicalSessionTimeoutMinutes":null}},"msg":"connect ECONNREFUSED ::1:27017, connect ECONNREFUSED 127.0.0.1:27017"}
{"level":30,"time":1765309462315,"pid":15616,"hostname":"Max","msg":"El servidor funciona correctamente en: http://localhost:8080"}
{"level":50,"time":1765309492340,"pid":15616,"hostname":"Max","msg":"No se pudo conectar a la base de datos"}
{"level":50,"time":1765309492340,"pid":15616,"hostname":"Max","err":{"type":"MongooseServerSelectionError","message":"connect ECONNREFUSED ::1:27017, connect ECONNREFUSED 127.0.0.1:27017","stack":"MongooseServerSelectionError: connect ECONNREFUSED ::1:27017, connect ECONNREFUSED 127.0.0.1:27017\n    at _handleConnectionErrors (D:\\_courses\\84307-node.js-backend\\clase-11\\02.backend-integrador.cont\\node_modules\\mongoose\\lib\\connection.js:1169:11)\n    at NativeConnection.openUri (D:\\_courses\\84307-node.js-backend\\clase-11\\02.backend-integrador.cont\\node_modules\\mongoose\\lib\\connection.js:1100:11)\n    at async handleConnection (file:///D:/_courses/84307-node.js-backend/clase-11/02.backend-integrador.cont/utils/handle-connection.js:6:9)","errorLabelSet":{},"reason":{"type":"Unknown","servers":{"localhost:27017":{"address":"localhost:27017","type":"Unknown","hosts":[],"passives":[],"arbiters":[],"tags":{},"minWireVersion":0,"maxWireVersion":0,"roundTripTime":-1,"minRoundTripTime":0,"lastUpdateTime":29690490,"lastWriteDate":0,"error":{"errorLabelSet":{},"beforeHandshake":false},"topologyVersion":null,"setName":null,"setVersion":null,"electionId":null,"logicalSessionTimeoutMinutes":null,"maxMessageSizeBytes":null,"maxWriteBatchSize":null,"maxBsonObjectSize":null,"primary":null,"me":null,"$clusterTime":null,"iscryptd":false}},"stale":false,"compatible":true,"heartbeatFrequencyMS":10000,"localThresholdMS":15,"setName":null,"maxElectionId":null,"maxSetVersion":null,"commonWireVersion":0,"logicalSessionTimeoutMinutes":null},"cause":{"type":"Unknown","servers":{"localhost:27017":{"address":"localhost:27017","type":"Unknown","hosts":[],"passives":[],"arbiters":[],"tags":{},"minWireVersion":0,"maxWireVersion":0,"roundTripTime":-1,"minRoundTripTime":0,"lastUpdateTime":29690490,"lastWriteDate":0,"error":{"errorLabelSet":{},"beforeHandshake":false},"topologyVersion":null,"setName":null,"setVersion":null,"electionId":null,"logicalSessionTimeoutMinutes":null,"maxMessageSizeBytes":null,"maxWriteBatchSize":null,"maxBsonObjectSize":null,"primary":null,"me":null,"$clusterTime":null,"iscryptd":false}},"stale":false,"compatible":true,"heartbeatFrequencyMS":10000,"localThresholdMS":15,"setName":null,"maxElectionId":null,"maxSetVersion":null,"commonWireVersion":0,"logicalSessionTimeoutMinutes":null}},"msg":"connect ECONNREFUSED ::1:27017, connect ECONNREFUSED 127.0.0.1:27017"}
{"level":30,"time":1765309505726,"pid":28028,"hostname":"Max","msg":"El servidor funciona correctamente en: http://localhost:8080"}
{"level":30,"time":1765309508277,"pid":29972,"hostname":"Max","msg":"El servidor funciona correctamente en: http://localhost:8080"}
{"level":30,"time":1765309519472,"pid":14380,"hostname":"Max","msg":"El servidor funciona correctamente en: http://localhost:8080"}
{"level":50,"time":1765309549488,"pid":14380,"hostname":"Max","msg":"No se pudo conectar a la base de datos"}
{"level":50,"time":1765309549488,"pid":14380,"hostname":"Max","err":{"type":"MongooseServerSelectionError","message":"connect ECONNREFUSED ::1:27017, connect ECONNREFUSED 127.0.0.1:27017","stack":"MongooseServerSelectionError: connect ECONNREFUSED ::1:27017, connect ECONNREFUSED 127.0.0.1:27017\n    at _handleConnectionErrors (D:\\_courses\\84307-node.js-backend\\clase-11\\02.backend-integrador.cont\\node_modules\\mongoose\\lib\\connection.js:1169:11)\n    at NativeConnection.openUri (D:\\_courses\\84307-node.js-backend\\clase-11\\02.backend-integrador.cont\\node_modules\\mongoose\\lib\\connection.js:1100:11)\n    at async handleConnection (file:///D:/_courses/84307-node.js-backend/clase-11/02.backend-integrador.cont/utils/handle-connection.js:6:9)","errorLabelSet":{},"reason":{"type":"Unknown","servers":{"localhost:27017":{"address":"localhost:27017","type":"Unknown","hosts":[],"passives":[],"arbiters":[],"tags":{},"minWireVersion":0,"maxWireVersion":0,"roundTripTime":-1,"minRoundTripTime":0,"lastUpdateTime":29747642,"lastWriteDate":0,"error":{"errorLabelSet":{},"beforeHandshake":false},"topologyVersion":null,"setName":null,"setVersion":null,"electionId":null,"logicalSessionTimeoutMinutes":null,"maxMessageSizeBytes":null,"maxWriteBatchSize":null,"maxBsonObjectSize":null,"primary":null,"me":null,"$clusterTime":null,"iscryptd":false}},"stale":false,"compatible":true,"heartbeatFrequencyMS":10000,"localThresholdMS":15,"setName":null,"maxElectionId":null,"maxSetVersion":null,"commonWireVersion":0,"logicalSessionTimeoutMinutes":null},"cause":{"type":"Unknown","servers":{"localhost:27017":{"address":"localhost:27017","type":"Unknown","hosts":[],"passives":[],"arbiters":[],"tags":{},"minWireVersion":0,"maxWireVersion":0,"roundTripTime":-1,"minRoundTripTime":0,"lastUpdateTime":29747642,"lastWriteDate":0,"error":{"errorLabelSet":{},"beforeHandshake":false},"topologyVersion":null,"setName":null,"setVersion":null,"electionId":null,"logicalSessionTimeoutMinutes":null,"maxMessageSizeBytes":null,"maxWriteBatchSize":null,"maxBsonObjectSize":null,"primary":null,"me":null,"$clusterTime":null,"iscryptd":false}},"stale":false,"compatible":true,"heartbeatFrequencyMS":10000,"localThresholdMS":15,"setName":null,"maxElectionId":null,"maxSetVersion":null,"commonWireVersion":0,"logicalSessionTimeoutMinutes":null}},"msg":"connect ECONNREFUSED ::1:27017, connect ECONNREFUSED 127.0.0.1:27017"}
{"level":30,"time":1765309555678,"pid":5472,"hostname":"Max","msg":"El servidor funciona correctamente en: http://localhost:8080"}
{"level":30,"time":1765309572639,"pid":17444,"hostname":"Max","msg":"El servidor funciona correctamente en: http://localhost:8080"}
{"level":30,"time":1765309589940,"pid":13180,"hostname":"Max","msg":"El servidor funciona correctamente en: http://localhost:8080"}
{"level":50,"time":1765309619965,"pid":13180,"hostname":"Max","msg":"No se pudo conectar a la base de datos"}
{"level":50,"time":1765309619965,"pid":13180,"hostname":"Max","err":{"type":"MongooseServerSelectionError","message":"connect ECONNREFUSED ::1:27017, connect ECONNREFUSED 127.0.0.1:27017","stack":"MongooseServerSelectionError: connect ECONNREFUSED ::1:27017, connect ECONNREFUSED 127.0.0.1:27017\n    at _handleConnectionErrors (D:\\_courses\\84307-node.js-backend\\clase-11\\02.backend-integrador.cont\\node_modules\\mongoose\\lib\\connection.js:1169:11)\n    at NativeConnection.openUri (D:\\_courses\\84307-node.js-backend\\clase-11\\02.backend-integrador.cont\\node_modules\\mongoose\\lib\\connection.js:1100:11)\n    at async handleConnection (file:///D:/_courses/84307-node.js-backend/clase-11/02.backend-integrador.cont/utils/handle-connection.js:6:9)","errorLabelSet":{},"reason":{"type":"Unknown","servers":{"localhost:27017":{"address":"localhost:27017","type":"Unknown","hosts":[],"passives":[],"arbiters":[],"tags":{},"minWireVersion":0,"maxWireVersion":0,"roundTripTime":-1,"minRoundTripTime":0,"lastUpdateTime":29818165,"lastWriteDate":0,"error":{"errorLabelSet":{},"beforeHandshake":false},"topologyVersion":null,"setName":null,"setVersion":null,"electionId":null,"logicalSessionTimeoutMinutes":null,"maxMessageSizeBytes":null,"maxWriteBatchSize":null,"maxBsonObjectSize":null,"primary":null,"me":null,"$clusterTime":null,"iscryptd":false}},"stale":false,"compatible":true,"heartbeatFrequencyMS":10000,"localThresholdMS":15,"setName":null,"maxElectionId":null,"maxSetVersion":null,"commonWireVersion":0,"logicalSessionTimeoutMinutes":null},"cause":{"type":"Unknown","servers":{"localhost:27017":{"address":"localhost:27017","type":"Unknown","hosts":[],"passives":[],"arbiters":[],"tags":{},"minWireVersion":0,"maxWireVersion":0,"roundTripTime":-1,"minRoundTripTime":0,"lastUpdateTime":29818165,"lastWriteDate":0,"error":{"errorLabelSet":{},"beforeHandshake":false},"topologyVersion":null,"setName":null,"setVersion":null,"electionId":null,"logicalSessionTimeoutMinutes":null,"maxMessageSizeBytes":null,"maxWriteBatchSize":null,"maxBsonObjectSize":null,"primary":null,"me":null,"$clusterTime":null,"iscryptd":false}},"stale":false,"compatible":true,"heartbeatFrequencyMS":10000,"localThresholdMS":15,"setName":null,"maxElectionId":null,"maxSetVersion":null,"commonWireVersion":0,"logicalSessionTimeoutMinutes":null}},"msg":"connect ECONNREFUSED ::1:27017, connect ECONNREFUSED 127.0.0.1:27017"}
{"level":30,"time":1765310013617,"pid":29868,"hostname":"Max","msg":"El servidor funciona correctamente en: http://localhost:8080"}
{"level":50,"time":1765310043642,"pid":29868,"hostname":"Max","msg":"No se pudo conectar a la base de datos"}
{"level":50,"time":1765310043642,"pid":29868,"hostname":"Max","err":{"type":"MongooseServerSelectionError","message":"connect ECONNREFUSED ::1:27017, connect ECONNREFUSED 127.0.0.1:27017","stack":"MongooseServerSelectionError: connect ECONNREFUSED ::1:27017, connect ECONNREFUSED 127.0.0.1:27017\n    at _handleConnectionErrors (D:\\_courses\\84307-node.js-backend\\clase-11\\02.backend-integrador.cont\\node_modules\\mongoose\\lib\\connection.js:1169:11)\n    at NativeConnection.openUri (D:\\_courses\\84307-node.js-backend\\clase-11\\02.backend-integrador.cont\\node_modules\\mongoose\\lib\\connection.js:1100:11)\n    at async handleConnection (file:///D:/_courses/84307-node.js-backend/clase-11/02.backend-integrador.cont/utils/handle-connection.js:6:9)","errorLabelSet":{},"reason":{"type":"Unknown","servers":{"localhost:27017":{"address":"localhost:27017","type":"Unknown","hosts":[],"passives":[],"arbiters":[],"tags":{},"minWireVersion":0,"maxWireVersion":0,"roundTripTime":-1,"minRoundTripTime":0,"lastUpdateTime":30241789,"lastWriteDate":0,"error":{"errorLabelSet":{},"beforeHandshake":false},"topologyVersion":null,"setName":null,"setVersion":null,"electionId":null,"logicalSessionTimeoutMinutes":null,"maxMessageSizeBytes":null,"maxWriteBatchSize":null,"maxBsonObjectSize":null,"primary":null,"me":null,"$clusterTime":null,"iscryptd":false}},"stale":false,"compatible":true,"heartbeatFrequencyMS":10000,"localThresholdMS":15,"setName":null,"maxElectionId":null,"maxSetVersion":null,"commonWireVersion":0,"logicalSessionTimeoutMinutes":null},"cause":{"type":"Unknown","servers":{"localhost:27017":{"address":"localhost:27017","type":"Unknown","hosts":[],"passives":[],"arbiters":[],"tags":{},"minWireVersion":0,"maxWireVersion":0,"roundTripTime":-1,"minRoundTripTime":0,"lastUpdateTime":30241789,"lastWriteDate":0,"error":{"errorLabelSet":{},"beforeHandshake":false},"topologyVersion":null,"setName":null,"setVersion":null,"electionId":null,"logicalSessionTimeoutMinutes":null,"maxMessageSizeBytes":null,"maxWriteBatchSize":null,"maxBsonObjectSize":null,"primary":null,"me":null,"$clusterTime":null,"iscryptd":false}},"stale":false,"compatible":true,"heartbeatFrequencyMS":10000,"localThresholdMS":15,"setName":null,"maxElectionId":null,"maxSetVersion":null,"commonWireVersion":0,"logicalSessionTimeoutMinutes":null}},"msg":"connect ECONNREFUSED ::1:27017, connect ECONNREFUSED 127.0.0.1:27017"}
{"level":30,"time":1765310196329,"pid":31100,"hostname":"Max","msg":"El servidor funciona correctamente en: http://localhost:8080"}
{"level":30,"time":1765310201705,"pid":29136,"hostname":"Max","msg":"El servidor funciona correctamente en: http://localhost:8080"}
{"level":50,"time":1765310231722,"pid":29136,"hostname":"Max","msg":"No se pudo conectar a la base de datos"}
{"level":50,"time":1765310231722,"pid":29136,"hostname":"Max","err":{"type":"MongooseServerSelectionError","message":"connect ECONNREFUSED ::1:27017, connect ECONNREFUSED 127.0.0.1:27017","stack":"MongooseServerSelectionError: connect ECONNREFUSED ::1:27017, connect ECONNREFUSED 127.0.0.1:27017\n    at _handleConnectionErrors (D:\\_courses\\84307-node.js-backend\\clase-11\\02.backend-integrador.cont\\node_modules\\mongoose\\lib\\connection.js:1169:11)\n    at NativeConnection.openUri (D:\\_courses\\84307-node.js-backend\\clase-11\\02.backend-integrador.cont\\node_modules\\mongoose\\lib\\connection.js:1100:11)\n    at async handleConnection (file:///D:/_courses/84307-node.js-backend/clase-11/02.backend-integrador.cont/utils/handle-connection.js:6:9)","errorLabelSet":{},"reason":{"type":"Unknown","servers":{"localhost:27017":{"address":"localhost:27017","type":"Unknown","hosts":[],"passives":[],"arbiters":[],"tags":{},"minWireVersion":0,"maxWireVersion":0,"roundTripTime":-1,"minRoundTripTime":0,"lastUpdateTime":30429870,"lastWriteDate":0,"error":{"errorLabelSet":{},"beforeHandshake":false},"topologyVersion":null,"setName":null,"setVersion":null,"electionId":null,"logicalSessionTimeoutMinutes":null,"maxMessageSizeBytes":null,"maxWriteBatchSize":null,"maxBsonObjectSize":null,"primary":null,"me":null,"$clusterTime":null,"iscryptd":false}},"stale":false,"compatible":true,"heartbeatFrequencyMS":10000,"localThresholdMS":15,"setName":null,"maxElectionId":null,"maxSetVersion":null,"commonWireVersion":0,"logicalSessionTimeoutMinutes":null},"cause":{"type":"Unknown","servers":{"localhost:27017":{"address":"localhost:27017","type":"Unknown","hosts":[],"passives":[],"arbiters":[],"tags":{},"minWireVersion":0,"maxWireVersion":0,"roundTripTime":-1,"minRoundTripTime":0,"lastUpdateTime":30429870,"lastWriteDate":0,"error":{"errorLabelSet":{},"beforeHandshake":false},"topologyVersion":null,"setName":null,"setVersion":null,"electionId":null,"logicalSessionTimeoutMinutes":null,"maxMessageSizeBytes":null,"maxWriteBatchSize":null,"maxBsonObjectSize":null,"primary":null,"me":null,"$clusterTime":null,"iscryptd":false}},"stale":false,"compatible":true,"heartbeatFrequencyMS":10000,"localThresholdMS":15,"setName":null,"maxElectionId":null,"maxSetVersion":null,"commonWireVersion":0,"logicalSessionTimeoutMinutes":null}},"msg":"connect ECONNREFUSED ::1:27017, connect ECONNREFUSED 127.0.0.1:27017"}
{"level":30,"time":1765310263351,"pid":32584,"hostname":"Max","msg":"El servidor funciona correctamente en: http://localhost:8080"}
{"level":30,"time":1765310276024,"pid":32656,"hostname":"Max","msg":"El servidor funciona correctamente en: http://localhost:8080"}
{"level":50,"time":1765310306052,"pid":32656,"hostname":"Max","msg":"No se pudo conectar a la base de datos"}
{"level":50,"time":1765310306052,"pid":32656,"hostname":"Max","err":{"type":"MongooseServerSelectionError","message":"connect ECONNREFUSED ::1:27017, connect ECONNREFUSED 127.0.0.1:27017","stack":"MongooseServerSelectionError: connect ECONNREFUSED ::1:27017, connect ECONNREFUSED 127.0.0.1:27017\n    at _handleConnectionErrors (D:\\_courses\\84307-node.js-backend\\clase-11\\02.backend-integrador.cont\\node_modules\\mongoose\\lib\\connection.js:1169:11)\n    at NativeConnection.openUri (D:\\_courses\\84307-node.js-backend\\clase-11\\02.backend-integrador.cont\\node_modules\\mongoose\\lib\\connection.js:1100:11)\n    at async handleConnection (file:///D:/_courses/84307-node.js-backend/clase-11/02.backend-integrador.cont/utils/handle-connection.js:6:9)","errorLabelSet":{},"reason":{"type":"Unknown","servers":{"localhost:27017":{"address":"localhost:27017","type":"Unknown","hosts":[],"passives":[],"arbiters":[],"tags":{},"minWireVersion":0,"maxWireVersion":0,"roundTripTime":-1,"minRoundTripTime":0,"lastUpdateTime":30504197,"lastWriteDate":0,"error":{"errorLabelSet":{},"beforeHandshake":false},"topologyVersion":null,"setName":null,"setVersion":null,"electionId":null,"logicalSessionTimeoutMinutes":null,"maxMessageSizeBytes":null,"maxWriteBatchSize":null,"maxBsonObjectSize":null,"primary":null,"me":null,"$clusterTime":null,"iscryptd":false}},"stale":false,"compatible":true,"heartbeatFrequencyMS":10000,"localThresholdMS":15,"setName":null,"maxElectionId":null,"maxSetVersion":null,"commonWireVersion":0,"logicalSessionTimeoutMinutes":null},"cause":{"type":"Unknown","servers":{"localhost:27017":{"address":"localhost:27017","type":"Unknown","hosts":[],"passives":[],"arbiters":[],"tags":{},"minWireVersion":0,"maxWireVersion":0,"roundTripTime":-1,"minRoundTripTime":0,"lastUpdateTime":30504197,"lastWriteDate":0,"error":{"errorLabelSet":{},"beforeHandshake":false},"topologyVersion":null,"setName":null,"setVersion":null,"electionId":null,"logicalSessionTimeoutMinutes":null,"maxMessageSizeBytes":null,"maxWriteBatchSize":null,"maxBsonObjectSize":null,"primary":null,"me":null,"$clusterTime":null,"iscryptd":false}},"stale":false,"compatible":true,"heartbeatFrequencyMS":10000,"localThresholdMS":15,"setName":null,"maxElectionId":null,"maxSetVersion":null,"commonWireVersion":0,"logicalSessionTimeoutMinutes":null}},"msg":"connect ECONNREFUSED ::1:27017, connect ECONNREFUSED 127.0.0.1:27017"}
{"level":30,"time":1765310420078,"pid":31936,"hostname":"Max","msg":"El servidor funciona correctamente en: http://localhost:8080"}
{"level":30,"time":1765386647236,"pid":30424,"hostname":"Max","msg":"El servidor funciona correctamente en: http://localhost:8080"}
{"level":30,"time":1765386659586,"pid":30424,"hostname":"Max","msg":"Se conecto a la DB"}
{"level":30,"time":1765386817850,"pid":6504,"hostname":"Max","msg":"El servidor funciona correctamente en: http://localhost:8080"}
{"level":50,"time":1765386847877,"pid":6504,"hostname":"Max","msg":"No se pudo conectar a la base de datos"}
{"level":50,"time":1765386847877,"pid":6504,"hostname":"Max","err":{"type":"MongooseServerSelectionError","message":"connect ECONNREFUSED ::1:27017, connect ECONNREFUSED 127.0.0.1:27017","stack":"MongooseServerSelectionError: connect ECONNREFUSED ::1:27017, connect ECONNREFUSED 127.0.0.1:27017\n    at _handleConnectionErrors (D:\\_courses\\84307-node.js-backend\\clase-12\\01.backend-integrador.cont\\node_modules\\mongoose\\lib\\connection.js:1169:11)\n    at NativeConnection.openUri (D:\\_courses\\84307-node.js-backend\\clase-12\\01.backend-integrador.cont\\node_modules\\mongoose\\lib\\connection.js:1100:11)\n    at async handleConnection (file:///D:/_courses/84307-node.js-backend/clase-12/01.backend-integrador.cont/utils/handle-connection.js:6:9)","errorLabelSet":{},"reason":{"type":"Unknown","servers":{"localhost:27017":{"address":"localhost:27017","type":"Unknown","hosts":[],"passives":[],"arbiters":[],"tags":{},"minWireVersion":0,"maxWireVersion":0,"roundTripTime":-1,"minRoundTripTime":0,"lastUpdateTime":1134297,"lastWriteDate":0,"error":{"errorLabelSet":{},"beforeHandshake":false},"topologyVersion":null,"setName":null,"setVersion":null,"electionId":null,"logicalSessionTimeoutMinutes":null,"maxMessageSizeBytes":null,"maxWriteBatchSize":null,"maxBsonObjectSize":null,"primary":null,"me":null,"$clusterTime":null,"iscryptd":false}},"stale":false,"compatible":true,"heartbeatFrequencyMS":10000,"localThresholdMS":15,"setName":null,"maxElectionId":null,"maxSetVersion":null,"commonWireVersion":0,"logicalSessionTimeoutMinutes":null},"cause":{"type":"Unknown","servers":{"localhost:27017":{"address":"localhost:27017","type":"Unknown","hosts":[],"passives":[],"arbiters":[],"tags":{},"minWireVersion":0,"maxWireVersion":0,"roundTripTime":-1,"minRoundTripTime":0,"lastUpdateTime":1134297,"lastWriteDate":0,"error":{"errorLabelSet":{},"beforeHandshake":false},"topologyVersion":null,"setName":null,"setVersion":null,"electionId":null,"logicalSessionTimeoutMinutes":null,"maxMessageSizeBytes":null,"maxWriteBatchSize":null,"maxBsonObjectSize":null,"primary":null,"me":null,"$clusterTime":null,"iscryptd":false}},"stale":false,"compatible":true,"heartbeatFrequencyMS":10000,"localThresholdMS":15,"setName":null,"maxElectionId":null,"maxSetVersion":null,"commonWireVersion":0,"logicalSessionTimeoutMinutes":null}},"msg":"connect ECONNREFUSED ::1:27017, connect ECONNREFUSED 127.0.0.1:27017"}
{"level":30,"time":1765386863797,"pid":9504,"hostname":"Max","msg":"El servidor funciona correctamente en: http://localhost:8080"}
{"level":30,"time":1765386863829,"pid":9504,"hostname":"Max","msg":"Se conecto a la DB"}
{"level":30,"time":1765388337034,"pid":30632,"hostname":"Max","msg":"El servidor funciona correctamente en: http://localhost:8080"}
{"level":30,"time":1765388337065,"pid":30632,"hostname":"Max","msg":"Se conecto a la DB"}
{"level":30,"time":1765388558574,"pid":20220,"hostname":"Max","msg":"El servidor funciona correctamente en: http://localhost:8080"}
{"level":30,"time":1765388558603,"pid":20220,"hostname":"Max","msg":"Se conecto a la DB"}
{"level":30,"time":1765388650726,"pid":13452,"hostname":"Max","msg":"El servidor funciona correctamente en: http://localhost:8080"}
{"level":30,"time":1765388650760,"pid":13452,"hostname":"Max","msg":"Se conecto a la DB"}
{"level":30,"time":1765388671039,"pid":17780,"hostname":"Max","msg":"El servidor funciona correctamente en: http://localhost:8080"}
{"level":30,"time":1765388671068,"pid":17780,"hostname":"Max","msg":"Se conecto a la DB"}
{"level":30,"time":1765388723260,"pid":1712,"hostname":"Max","msg":"El servidor funciona correctamente en: http://localhost:8080"}
{"level":30,"time":1765388723292,"pid":1712,"hostname":"Max","msg":"Se conecto a la DB"}
{"level":30,"time":1765388774770,"pid":2140,"hostname":"Max","msg":"El servidor funciona correctamente en: http://localhost:8080"}
{"level":30,"time":1765388774805,"pid":2140,"hostname":"Max","msg":"Se conecto a la DB"}
{"level":30,"time":1765388977564,"pid":14224,"hostname":"Max","msg":"El servidor funciona correctamente en: http://localhost:8080"}
{"level":30,"time":1765388977593,"pid":14224,"hostname":"Max","msg":"Se conecto a la DB"}
{"level":30,"time":1765389062919,"pid":29620,"hostname":"Max","msg":"El servidor funciona correctamente en: http://localhost:8080"}
{"level":30,"time":1765389062947,"pid":29620,"hostname":"Max","msg":"Se conecto a la DB"}
{"level":30,"time":1765389084581,"pid":14408,"hostname":"Max","msg":"El servidor funciona correctamente en: http://localhost:8080"}
{"level":30,"time":1765389084613,"pid":14408,"hostname":"Max","msg":"Se conecto a la DB"}
{"level":30,"time":1765389217157,"pid":9180,"hostname":"Max","msg":"El servidor funciona correctamente en: http://localhost:8080"}
{"level":30,"time":1765389217197,"pid":9180,"hostname":"Max","msg":"Se conecto a la DB"}
{"level":30,"time":1765389689236,"pid":29784,"hostname":"Max","msg":"El servidor funciona correctamente en: http://localhost:8080"}
{"level":30,"time":1765389689267,"pid":29784,"hostname":"Max","msg":"Se conecto a la DB"}
{"level":30,"time":1765389702079,"pid":25744,"hostname":"Max","msg":"El servidor funciona correctamente en: http://localhost:8080"}
{"level":30,"time":1765389702113,"pid":25744,"hostname":"Max","msg":"Se conecto a la DB"}
{"level":30,"time":1765389766484,"pid":23100,"hostname":"Max","msg":"El servidor funciona correctamente en: http://localhost:8080"}
{"level":30,"time":1765389766512,"pid":23100,"hostname":"Max","msg":"Se conecto a la DB"}
{"level":50,"time":1765389777695,"pid":23100,"hostname":"Max","err":{"type":"ReferenceError","message":"models is not defined","stack":"ReferenceError: models is not defined\n    at procesarDataFormuRegister (file:///D:/_courses/84307-node.js-backend/clase-12/01.backend-integrador.cont/controllers/auth.controller.js:40:25)\n    at Layer.handleRequest (D:\\_courses\\84307-node.js-backend\\clase-12\\01.backend-integrador.cont\\node_modules\\router\\lib\\layer.js:152:17)\n    at next (D:\\_courses\\84307-node.js-backend\\clase-12\\01.backend-integrador.cont\\node_modules\\router\\lib\\route.js:157:13)\n    at Route.dispatch (D:\\_courses\\84307-node.js-backend\\clase-12\\01.backend-integrador.cont\\node_modules\\router\\lib\\route.js:117:3)\n    at handle (D:\\_courses\\84307-node.js-backend\\clase-12\\01.backend-integrador.cont\\node_modules\\router\\index.js:435:11)\n    at Layer.handleRequest (D:\\_courses\\84307-node.js-backend\\clase-12\\01.backend-integrador.cont\\node_modules\\router\\lib\\layer.js:152:17)\n    at D:\\_courses\\84307-node.js-backend\\clase-12\\01.backend-integrador.cont\\node_modules\\router\\index.js:295:15\n    at processParams (D:\\_courses\\84307-node.js-backend\\clase-12\\01.backend-integrador.cont\\node_modules\\router\\index.js:582:12)\n    at next (D:\\_courses\\84307-node.js-backend\\clase-12\\01.backend-integrador.cont\\node_modules\\router\\index.js:291:5)\n    at router.handle (D:\\_courses\\84307-node.js-backend\\clase-12\\01.backend-integrador.cont\\node_modules\\router\\index.js:186:3)"},"msg":"models is not defined"}
{"level":30,"time":1765389887264,"pid":20332,"hostname":"Max","msg":"El servidor funciona correctamente en: http://localhost:8080"}
{"level":30,"time":1765389887295,"pid":20332,"hostname":"Max","msg":"Se conecto a la DB"}
{"level":30,"time":1765389907616,"pid":20552,"hostname":"Max","msg":"El servidor funciona correctamente en: http://localhost:8080"}
{"level":30,"time":1765389907649,"pid":20552,"hostname":"Max","msg":"Se conecto a la DB"}
{"level":30,"time":1765390291479,"pid":10392,"hostname":"Max","msg":"El servidor funciona correctamente en: http://localhost:8080"}
{"level":30,"time":1765390291511,"pid":10392,"hostname":"Max","msg":"Se conecto a la DB"}
{"level":30,"time":1765390350467,"pid":19524,"hostname":"Max","msg":"El servidor funciona correctamente en: http://localhost:8080"}
{"level":30,"time":1765390350499,"pid":19524,"hostname":"Max","msg":"Se conecto a la DB"}
{"level":30,"time":1765390541622,"pid":21484,"hostname":"Max","msg":"El servidor funciona correctamente en: http://localhost:8080"}
{"level":30,"time":1765390541655,"pid":21484,"hostname":"Max","msg":"Se conecto a la DB"}
{"level":30,"time":1765390677381,"pid":11948,"hostname":"Max","msg":"El servidor funciona correctamente en: http://localhost:8080"}
{"level":30,"time":1765390677419,"pid":11948,"hostname":"Max","msg":"Se conecto a la DB"}
{"level":50,"time":1765390755224,"pid":11948,"hostname":"Max","err":{"type":"ReferenceError","message":"models is not defined","stack":"ReferenceError: models is not defined\n    at procesarDataFormuRegister (file:///D:/_courses/84307-node.js-backend/clase-12/01.backend-integrador.cont/controllers/auth.controller.js:40:25)\n    at Layer.handleRequest (D:\\_courses\\84307-node.js-backend\\clase-12\\01.backend-integrador.cont\\node_modules\\router\\lib\\layer.js:152:17)\n    at next (D:\\_courses\\84307-node.js-backend\\clase-12\\01.backend-integrador.cont\\node_modules\\router\\lib\\route.js:157:13)\n    at Route.dispatch (D:\\_courses\\84307-node.js-backend\\clase-12\\01.backend-integrador.cont\\node_modules\\router\\lib\\route.js:117:3)\n    at handle (D:\\_courses\\84307-node.js-backend\\clase-12\\01.backend-integrador.cont\\node_modules\\router\\index.js:435:11)\n    at Layer.handleRequest (D:\\_courses\\84307-node.js-backend\\clase-12\\01.backend-integrador.cont\\node_modules\\router\\lib\\layer.js:152:17)\n    at D:\\_courses\\84307-node.js-backend\\clase-12\\01.backend-integrador.cont\\node_modules\\router\\index.js:295:15\n    at processParams (D:\\_courses\\84307-node.js-backend\\clase-12\\01.backend-integrador.cont\\node_modules\\router\\index.js:582:12)\n    at next (D:\\_courses\\84307-node.js-backend\\clase-12\\01.backend-integrador.cont\\node_modules\\router\\index.js:291:5)\n    at router.handle (D:\\_courses\\84307-node.js-backend\\clase-12\\01.backend-integrador.cont\\node_modules\\router\\index.js:186:3)"},"msg":"models is not defined"}
{"level":30,"time":1765390876785,"pid":10500,"hostname":"Max","msg":"El servidor funciona correctamente en: http://localhost:8080"}
{"level":30,"time":1765390876814,"pid":10500,"hostname":"Max","msg":"Se conecto a la DB"}
{"level":50,"time":1765390891149,"pid":10500,"hostname":"Max","err":{"type":"ReferenceError","message":"bycrypt is not defined","stack":"ReferenceError: bycrypt is not defined\n    at UsuarioEsquema.methods.encriptarPassowrd (file:///D:/_courses/84307-node.js-backend/clase-12/01.backend-integrador.cont/models/usuarios.model.js:28:22)\n    at Object.createUser (file:///D:/_courses/84307-node.js-backend/clase-12/01.backend-integrador.cont/models/usuarios.model.js:57:58)\n    at procesarDataFormuRegister (file:///D:/_courses/84307-node.js-backend/clase-12/01.backend-integrador.cont/controllers/auth.controller.js:54:44)\n    at process.processTicksAndRejections (node:internal/process/task_queues:103:5)"},"msg":"bycrypt is not defined"}
{"level":30,"time":1765390898670,"pid":2168,"hostname":"Max","msg":"El servidor funciona correctamente en: http://localhost:8080"}
{"level":30,"time":1765390898703,"pid":2168,"hostname":"Max","msg":"Se conecto a la DB"}
{"level":30,"time":1765390918108,"pid":14044,"hostname":"Max","msg":"El servidor funciona correctamente en: http://localhost:8080"}
{"level":30,"time":1765390918141,"pid":14044,"hostname":"Max","msg":"Se conecto a la DB"}
{"level":50,"time":1765390922979,"pid":14044,"hostname":"Max","err":{"type":"ReferenceError","message":"bcrypt is not defined","stack":"ReferenceError: bcrypt is not defined\n    at UsuarioEsquema.methods.encriptarPassowrd (file:///D:/_courses/84307-node.js-backend/clase-12/01.backend-integrador.cont/models/usuarios.model.js:28:22)\n    at Object.createUser (file:///D:/_courses/84307-node.js-backend/clase-12/01.backend-integrador.cont/models/usuarios.model.js:57:58)\n    at procesarDataFormuRegister (file:///D:/_courses/84307-node.js-backend/clase-12/01.backend-integrador.cont/controllers/auth.controller.js:54:44)\n    at process.processTicksAndRejections (node:internal/process/task_queues:103:5)"},"msg":"bcrypt is not defined"}
{"level":30,"time":1765390950569,"pid":17444,"hostname":"Max","msg":"El servidor funciona correctamente en: http://localhost:8080"}
{"level":30,"time":1765390950606,"pid":17444,"hostname":"Max","msg":"Se conecto a la DB"}
{"level":30,"time":1765390959366,"pid":3208,"hostname":"Max","msg":"El servidor funciona correctamente en: http://localhost:8080"}
{"level":30,"time":1765390959401,"pid":3208,"hostname":"Max","msg":"Se conecto a la DB"}
{"level":30,"time":1765390960619,"pid":6472,"hostname":"Max","msg":"El servidor funciona correctamente en: http://localhost:8080"}
{"level":30,"time":1765390960666,"pid":6472,"hostname":"Max","msg":"Se conecto a la DB"}
{"level":30,"time":1765391063841,"pid":25488,"hostname":"Max","msg":"El servidor funciona correctamente en: http://localhost:8080"}
{"level":30,"time":1765391063871,"pid":25488,"hostname":"Max","msg":"Se conecto a la DB"}
{"level":30,"time":1765391064832,"pid":30692,"hostname":"Max","msg":"El servidor funciona correctamente en: http://localhost:8080"}
{"level":30,"time":1765391064866,"pid":30692,"hostname":"Max","msg":"Se conecto a la DB"}
{"level":30,"time":1765392556326,"pid":29764,"hostname":"Max","msg":"El servidor funciona correctamente en: http://localhost:8080"}
{"level":30,"time":1765392556361,"pid":29764,"hostname":"Max","msg":"Se conecto a la DB"}
{"level":30,"time":1765392616823,"pid":28056,"hostname":"Max","msg":"El servidor funciona correctamente en: http://localhost:8080"}
{"level":30,"time":1765392616856,"pid":28056,"hostname":"Max","msg":"Se conecto a la DB"}
{"level":30,"time":1765392778363,"pid":10092,"hostname":"Max","msg":"El servidor funciona correctamente en: http://localhost:8080"}
{"level":30,"time":1765392778390,"pid":10092,"hostname":"Max","msg":"Se conecto a la DB"}
{"level":30,"time":1765392926727,"pid":22960,"hostname":"Max","msg":"El servidor funciona correctamente en: http://localhost:8080"}
{"level":30,"time":1765392926762,"pid":22960,"hostname":"Max","msg":"Se conecto a la DB"}
{"level":30,"time":1765393357494,"pid":2180,"hostname":"Max","msg":"El servidor funciona correctamente en: http://localhost:8080"}
{"level":30,"time":1765393357524,"pid":2180,"hostname":"Max","msg":"Se conecto a la DB"}
{"level":30,"time":1765393401434,"pid":7908,"hostname":"Max","msg":"El servidor funciona correctamente en: http://localhost:8080"}
{"level":30,"time":1765393401464,"pid":7908,"hostname":"Max","msg":"Se conecto a la DB"}
{"level":30,"time":1765393564602,"pid":6872,"hostname":"Max","msg":"El servidor funciona correctamente en: http://localhost:8080"}
{"level":30,"time":1765393564622,"pid":6872,"hostname":"Max","msg":"Se conecto a la DB"}
{"level":30,"time":1765393853045,"pid":8756,"hostname":"Max","msg":"El servidor funciona correctamente en: http://localhost:8080"}
{"level":30,"time":1765393853066,"pid":8756,"hostname":"Max","msg":"Se conecto a la DB"}
{"level":30,"time":1765393854641,"pid":20696,"hostname":"Max","msg":"El servidor funciona correctamente en: http://localhost:8080"}
{"level":30,"time":1765393854660,"pid":20696,"hostname":"Max","msg":"Se conecto a la DB"}
{"level":30,"time":1765393986569,"pid":10408,"hostname":"Max","msg":"El servidor funciona correctamente en: http://localhost:8080"}
{"level":30,"time":1765393986588,"pid":10408,"hostname":"Max","msg":"Se conecto a la DB"}
{"level":30,"time":1765394215360,"pid":17684,"hostname":"Max","msg":"El servidor funciona correctamente en: http://localhost:8080"}
{"level":30,"time":1765394215380,"pid":17684,"hostname":"Max","msg":"Se conecto a la DB"}
{"level":30,"time":1765394218882,"pid":13972,"hostname":"Max","msg":"El servidor funciona correctamente en: http://localhost:8080"}
{"level":30,"time":1765394218902,"pid":13972,"hostname":"Max","msg":"Se conecto a la DB"}
{"level":30,"time":1765394417308,"pid":20304,"hostname":"Max","msg":"El servidor funciona correctamente en: http://localhost:8080"}
{"level":30,"time":1765394417329,"pid":20304,"hostname":"Max","msg":"Se conecto a la DB"}
{"level":30,"time":1765394430114,"pid":3088,"hostname":"Max","msg":"El servidor funciona correctamente en: http://localhost:8080"}
{"level":30,"time":1765394430132,"pid":3088,"hostname":"Max","msg":"Se conecto a la DB"}
{"level":30,"time":1765394522668,"pid":9644,"hostname":"Max","msg":"El servidor funciona correctamente en: http://localhost:8080"}
{"level":30,"time":1765394522695,"pid":9644,"hostname":"Max","msg":"Se conecto a la DB"}
{"level":30,"time":1765394529803,"pid":11356,"hostname":"Max","msg":"El servidor funciona correctamente en: http://localhost:8080"}
{"level":30,"time":1765394529827,"pid":11356,"hostname":"Max","msg":"Se conecto a la DB"}
{"level":30,"time":1765394554454,"pid":30612,"hostname":"Max","msg":"El servidor funciona correctamente en: http://localhost:8080"}
{"level":30,"time":1765394554472,"pid":30612,"hostname":"Max","msg":"Se conecto a la DB"}
{"level":30,"time":1765394578402,"pid":13708,"hostname":"Max","msg":"El servidor funciona correctamente en: http://localhost:8080"}
{"level":30,"time":1765394578423,"pid":13708,"hostname":"Max","msg":"Se conecto a la DB"}
{"level":30,"time":1765394625594,"pid":15644,"hostname":"Max","msg":"El servidor funciona correctamente en: http://localhost:8080"}
{"level":30,"time":1765394625615,"pid":15644,"hostname":"Max","msg":"Se conecto a la DB"}
{"level":30,"time":1765394720149,"pid":2976,"hostname":"Max","msg":"El servidor funciona correctamente en: http://localhost:8080"}
{"level":30,"time":1765394720168,"pid":2976,"hostname":"Max","msg":"Se conecto a la DB"}
{"level":30,"time":1765394807659,"pid":26888,"hostname":"Max","msg":"El servidor funciona correctamente en: http://localhost:8080"}
{"level":30,"time":1765394807686,"pid":26888,"hostname":"Max","msg":"Se conecto a la DB"}
{"level":30,"time":1765395240084,"pid":4904,"hostname":"Max","msg":"El servidor funciona correctamente en: http://localhost:8080"}
{"level":30,"time":1765395240106,"pid":4904,"hostname":"Max","msg":"Se conecto a la DB"}
{"level":30,"time":1765395250512,"pid":14584,"hostname":"Max","msg":"El servidor funciona correctamente en: http://localhost:8080"}
{"level":30,"time":1765395250532,"pid":14584,"hostname":"Max","msg":"Se conecto a la DB"}
{"level":30,"time":1765395320488,"pid":10268,"hostname":"Max","msg":"El servidor funciona correctamente en: http://localhost:8080"}
{"level":30,"time":1765395320514,"pid":10268,"hostname":"Max","msg":"Se conecto a la DB"}
{"level":30,"time":1765395400402,"pid":30412,"hostname":"Max","msg":"El servidor funciona correctamente en: http://localhost:8080"}
{"level":30,"time":1765395400426,"pid":30412,"hostname":"Max","msg":"Se conecto a la DB"}
{"level":30,"time":1765395454509,"pid":4648,"hostname":"Max","msg":"El servidor funciona correctamente en: http://localhost:8080"}
{"level":30,"time":1765395454528,"pid":4648,"hostname":"Max","msg":"Se conecto a la DB"}
{"level":30,"time":1765395480429,"pid":28052,"hostname":"Max","msg":"El servidor funciona correctamente en: http://localhost:8080"}
{"level":30,"time":1765395480448,"pid":28052,"hostname":"Max","msg":"Se conecto a la DB"}
{"level":30,"time":1765395511138,"pid":21688,"hostname":"Max","msg":"El servidor funciona correctamente en: http://localhost:8080"}
{"level":30,"time":1765395511156,"pid":21688,"hostname":"Max","msg":"Se conecto a la DB"}
{"level":30,"time":1765395520475,"pid":25688,"hostname":"Max","msg":"El servidor funciona correctamente en: http://localhost:8080"}
{"level":30,"time":1765395520494,"pid":25688,"hostname":"Max","msg":"Se conecto a la DB"}
{"level":30,"time":1765395961153,"pid":14748,"hostname":"Max","msg":"El servidor funciona correctamente en: http://localhost:8080"}
{"level":30,"time":1765395961172,"pid":14748,"hostname":"Max","msg":"Se conecto a la DB"}
{"level":30,"time":1765395988529,"pid":7664,"hostname":"Max","msg":"El servidor funciona correctamente en: http://localhost:8080"}
{"level":30,"time":1765395988550,"pid":7664,"hostname":"Max","msg":"Se conecto a la DB"}
{"level":30,"time":1765396035808,"pid":28852,"hostname":"Max","msg":"El servidor funciona correctamente en: http://localhost:8080"}
{"level":30,"time":1765396035831,"pid":28852,"hostname":"Max","msg":"Se conecto a la DB"}
{"level":30,"time":1765396072627,"pid":3704,"hostname":"Max","msg":"El servidor funciona correctamente en: http://localhost:8080"}
{"level":30,"time":1765396072646,"pid":3704,"hostname":"Max","msg":"Se conecto a la DB"}
{"level":30,"time":1765397204911,"pid":9384,"hostname":"Max","msg":"El servidor funciona correctamente en: http://localhost:8080"}
{"level":30,"time":1765397204942,"pid":9384,"hostname":"Max","msg":"Se conecto a la DB"}
{"level":30,"time":1765397281272,"pid":30240,"hostname":"Max","msg":"El servidor funciona correctamente en: http://localhost:8080"}
{"level":30,"time":1765397281307,"pid":30240,"hostname":"Max","msg":"Se conecto a la DB"}
{"level":30,"time":1765397391066,"pid":30920,"hostname":"Max","msg":"El servidor funciona correctamente en: http://localhost:8080"}
{"level":30,"time":1765397391097,"pid":30920,"hostname":"Max","msg":"Se conecto a la DB"}
{"level":30,"time":1765397849647,"pid":4956,"hostname":"Max","msg":"El servidor funciona correctamente en: http://localhost:8080"}
{"level":30,"time":1765397849676,"pid":4956,"hostname":"Max","msg":"Se conecto a la DB"}
{"level":30,"time":1765397860403,"pid":31456,"hostname":"Max","msg":"El servidor funciona correctamente en: http://localhost:8080"}
{"level":30,"time":1765397860430,"pid":31456,"hostname":"Max","msg":"Se conecto a la DB"}
{"level":30,"time":1765398359776,"pid":4824,"hostname":"Max","msg":"El servidor funciona correctamente en: http://localhost:8080"}
{"level":30,"time":1765398359802,"pid":4824,"hostname":"Max","msg":"Se conecto a la DB"}
{"level":30,"time":1765398671217,"pid":30948,"hostname":"Max","msg":"El servidor funciona correctamente en: http://localhost:8080"}
{"level":30,"time":1765398671249,"pid":30948,"hostname":"Max","msg":"Se conecto a la DB"}
{"level":30,"time":1765398679546,"pid":16716,"hostname":"Max","msg":"El servidor funciona correctamente en: http://localhost:8080"}
{"level":30,"time":1765398679575,"pid":16716,"hostname":"Max","msg":"Se conecto a la DB"}
{"level":30,"time":1765398790087,"pid":25752,"hostname":"Max","msg":"El servidor funciona correctamente en: http://localhost:8080"}
{"level":30,"time":1765398790115,"pid":25752,"hostname":"Max","msg":"Se conecto a la DB"}
{"level":30,"time":1765398879795,"pid":10488,"hostname":"Max","msg":"El servidor funciona correctamente en: http://localhost:8080"}
{"level":30,"time":1765559813054,"pid":24900,"hostname":"Max","msg":"El servidor funciona correctamente en: http://localhost:8080"}
{"level":50,"time":1765559843071,"pid":24900,"hostname":"Max","msg":"No se pudo conectar a la base de datos"}
{"level":50,"time":1765559843071,"pid":24900,"hostname":"Max","err":{"type":"MongooseServerSelectionError","message":"connect ECONNREFUSED ::1:27017, connect ECONNREFUSED 127.0.0.1:27017","stack":"MongooseServerSelectionError: connect ECONNREFUSED ::1:27017, connect ECONNREFUSED 127.0.0.1:27017\n    at _handleConnectionErrors (D:\\_courses\\84307-node.js-backend\\clase-13\\01.backend-tokens-jwt.cont\\node_modules\\mongoose\\lib\\connection.js:1169:11)\n    at NativeConnection.openUri (D:\\_courses\\84307-node.js-backend\\clase-13\\01.backend-tokens-jwt.cont\\node_modules\\mongoose\\lib\\connection.js:1100:11)\n    at async handleConnection (file:///D:/_courses/84307-node.js-backend/clase-13/01.backend-tokens-jwt.cont/utils/handle-connection.js:6:9)","errorLabelSet":{},"reason":{"type":"Unknown","servers":{"localhost:27017":{"address":"localhost:27017","type":"Unknown","hosts":[],"passives":[],"arbiters":[],"tags":{},"minWireVersion":0,"maxWireVersion":0,"roundTripTime":-1,"minRoundTripTime":0,"lastUpdateTime":16963624,"lastWriteDate":0,"error":{"errorLabelSet":{},"beforeHandshake":false},"topologyVersion":null,"setName":null,"setVersion":null,"electionId":null,"logicalSessionTimeoutMinutes":null,"maxMessageSizeBytes":null,"maxWriteBatchSize":null,"maxBsonObjectSize":null,"primary":null,"me":null,"$clusterTime":null,"iscryptd":false}},"stale":false,"compatible":true,"heartbeatFrequencyMS":10000,"localThresholdMS":15,"setName":null,"maxElectionId":null,"maxSetVersion":null,"commonWireVersion":0,"logicalSessionTimeoutMinutes":null},"cause":{"type":"Unknown","servers":{"localhost:27017":{"address":"localhost:27017","type":"Unknown","hosts":[],"passives":[],"arbiters":[],"tags":{},"minWireVersion":0,"maxWireVersion":0,"roundTripTime":-1,"minRoundTripTime":0,"lastUpdateTime":16963624,"lastWriteDate":0,"error":{"errorLabelSet":{},"beforeHandshake":false},"topologyVersion":null,"setName":null,"setVersion":null,"electionId":null,"logicalSessionTimeoutMinutes":null,"maxMessageSizeBytes":null,"maxWriteBatchSize":null,"maxBsonObjectSize":null,"primary":null,"me":null,"$clusterTime":null,"iscryptd":false}},"stale":false,"compatible":true,"heartbeatFrequencyMS":10000,"localThresholdMS":15,"setName":null,"maxElectionId":null,"maxSetVersion":null,"commonWireVersion":0,"logicalSessionTimeoutMinutes":null}},"msg":"connect ECONNREFUSED ::1:27017, connect ECONNREFUSED 127.0.0.1:27017"}
{"level":30,"time":1765559883278,"pid":27896,"hostname":"Max","msg":"El servidor funciona correctamente en: http://localhost:8080"}
{"level":30,"time":1765559883323,"pid":27896,"hostname":"Max","msg":"Se conecto a la DB"}
{"level":30,"time":1765560323237,"pid":28648,"hostname":"Max","msg":"El servidor funciona correctamente en: http://localhost:8080"}
{"level":30,"time":1765560323267,"pid":28648,"hostname":"Max","msg":"Se conecto a la DB"}
{"level":30,"time":1765560329387,"pid":26784,"hostname":"Max","msg":"El servidor funciona correctamente en: http://localhost:8080"}
{"level":30,"time":1765560329416,"pid":26784,"hostname":"Max","msg":"Se conecto a la DB"}
{"level":30,"time":1765560515374,"pid":8096,"hostname":"Max","msg":"El servidor funciona correctamente en: http://localhost:8080"}
{"level":30,"time":1765560515409,"pid":8096,"hostname":"Max","msg":"Se conecto a la DB"}
{"level":30,"time":1765560561227,"pid":26404,"hostname":"Max","msg":"El servidor funciona correctamente en: http://localhost:8080"}
{"level":30,"time":1765560561258,"pid":26404,"hostname":"Max","msg":"Se conecto a la DB"}
{"level":30,"time":1765560834358,"pid":28316,"hostname":"Max","msg":"El servidor funciona correctamente en: http://localhost:8080"}
{"level":30,"time":1765560834389,"pid":28316,"hostname":"Max","msg":"Se conecto a la DB"}
{"level":30,"time":1765560853855,"pid":26448,"hostname":"Max","msg":"El servidor funciona correctamente en: http://localhost:8080"}
{"level":30,"time":1765560853890,"pid":26448,"hostname":"Max","msg":"Se conecto a la DB"}
{"level":30,"time":1765560898486,"pid":26912,"hostname":"Max","msg":"El servidor funciona correctamente en: http://localhost:8080"}
{"level":30,"time":1765560898516,"pid":26912,"hostname":"Max","msg":"Se conecto a la DB"}
{"level":30,"time":1765561096528,"pid":30512,"hostname":"Max","msg":"El servidor funciona correctamente en: http://localhost:8080"}
{"level":30,"time":1765561096566,"pid":30512,"hostname":"Max","msg":"Se conecto a la DB"}
{"level":30,"time":1765561104694,"pid":19344,"hostname":"Max","msg":"El servidor funciona correctamente en: http://localhost:8080"}
{"level":30,"time":1765561104723,"pid":19344,"hostname":"Max","msg":"Se conecto a la DB"}
{"level":30,"time":1765561219666,"pid":8064,"hostname":"Max","msg":"El servidor funciona correctamente en: http://localhost:8080"}
{"level":30,"time":1765561219696,"pid":8064,"hostname":"Max","msg":"Se conecto a la DB"}
{"level":30,"time":1765561337762,"pid":29332,"hostname":"Max","msg":"El servidor funciona correctamente en: http://localhost:8080"}
{"level":30,"time":1765561337793,"pid":29332,"hostname":"Max","msg":"Se conecto a la DB"}
{"level":30,"time":1765561668434,"pid":6504,"hostname":"Max","msg":"El servidor funciona correctamente en: http://localhost:8080"}
{"level":30,"time":1765561668472,"pid":6504,"hostname":"Max","msg":"Se conecto a la DB"}
