{"level":30,"time":1764618272893,"pid":24236,"hostname":"Max","msg":"El servidor funciona correctamente en: http://localhost:8080"}
{"level":30,"time":1764618494961,"pid":28256,"hostname":"Max","msg":"El servidor funciona correctamente en: http://localhost:8080"}
{"level":30,"time":1764618512377,"pid":276,"hostname":"Max","msg":"El servidor funciona correctamente en: http://localhost:8080"}
{"level":50,"time":1764618527944,"pid":276,"hostname":"Max","msg":"No se recibió la data"}
{"level":50,"time":1764618528559,"pid":276,"hostname":"Max","msg":"No se recibió la data"}
{"level":30,"time":1764618573473,"pid":276,"hostname":"Max","msg":"Se recibió la data"}
{"level":30,"time":1764618573473,"pid":276,"hostname":"Max","msg":"Algo"}
{"level":30,"time":1764618611099,"pid":27764,"hostname":"Max","msg":"El servidor funciona correctamente en: http://localhost:8080"}
{"level":30,"time":1764618769874,"pid":27904,"hostname":"Max","msg":"El servidor funciona correctamente en: http://localhost:8080"}
{"level":30,"time":1764618778776,"pid":15968,"hostname":"Max","msg":"El servidor funciona correctamente en: http://localhost:8080"}
{"level":30,"time":1764618870362,"pid":14288,"hostname":"Max","msg":"El servidor funciona correctamente en: http://localhost:8080"}
{"level":30,"time":1764618941135,"pid":13172,"hostname":"Max","msg":"El servidor funciona correctamente en: http://localhost:8080"}
{"level":30,"time":1764618950122,"pid":27228,"hostname":"Max","msg":"El servidor funciona correctamente en: http://localhost:8080"}
{"level":30,"time":1764618981207,"pid":26544,"hostname":"Max","msg":"El servidor funciona correctamente en: http://localhost:8080"}
{"level":30,"time":1764619051889,"pid":18984,"hostname":"Max","msg":"El servidor funciona correctamente en: http://localhost:8080"}
{"level":30,"time":1764619113936,"pid":16744,"hostname":"Max","msg":"El servidor funciona correctamente en: http://localhost:8080"}
{"level":30,"time":1764619232002,"pid":20656,"hostname":"Max","msg":"El servidor funciona correctamente en: http://localhost:8080"}
{"level":50,"time":1764619232003,"pid":20656,"hostname":"Max","msg":"No se pudo conectar a la base de datos"}
{"level":50,"time":1764619232003,"pid":20656,"hostname":"Max","err":{"type":"MongoParseError","message":"Invalid scheme, expected connection string to start with \"mongodb://\" or \"mongodb+srv://\"","stack":"MongoParseError: Invalid scheme, expected connection string to start with \"mongodb://\" or \"mongodb+srv://\"\n    at new ConnectionString (D:\\_courses\\84307-node.js-backend\\clase-07\\02.backend-integrador\\node_modules\\mongodb-connection-string-url\\lib\\index.js:85:19)\n    at parseOptions (D:\\_courses\\84307-node.js-backend\\clase-07\\02.backend-integrador\\node_modules\\mongodb\\lib\\connection_string.js:197:17)\n    at new MongoClient (D:\\_courses\\84307-node.js-backend\\clase-07\\02.backend-integrador\\node_modules\\mongodb\\lib\\mongo_client.js:67:61)\n    at NativeConnection.createClient (D:\\_courses\\84307-node.js-backend\\clase-07\\02.backend-integrador\\node_modules\\mongoose\\lib\\drivers\\node-mongodb-native\\connection.js:336:14)\n    at NativeConnection.openUri (D:\\_courses\\84307-node.js-backend\\clase-07\\02.backend-integrador\\node_modules\\mongoose\\lib\\connection.js:1075:34)\n    at Mongoose.connect (D:\\_courses\\84307-node.js-backend\\clase-07\\02.backend-integrador\\node_modules\\mongoose\\lib\\mongoose.js:451:15)\n    at handleConnection (file:///D:/_courses/84307-node.js-backend/clase-07/02.backend-integrador/utils/handle-connection.js:6:24)\n    at Server.<anonymous> (file:///D:/_courses/84307-node.js-backend/clase-07/02.backend-integrador/server.js:40:3)\n    at Server.f (D:\\_courses\\84307-node.js-backend\\clase-07\\02.backend-integrador\\node_modules\\once\\once.js:25:25)\n    at Object.onceWrapper (node:events:622:28)"},"msg":"Invalid scheme, expected connection string to start with \"mongodb://\" or \"mongodb+srv://\""}
{"level":30,"time":1764619236366,"pid":26324,"hostname":"Max","msg":"El servidor funciona correctamente en: http://localhost:8080"}
{"level":50,"time":1764619236367,"pid":26324,"hostname":"Max","msg":"No se pudo conectar a la base de datos"}
{"level":50,"time":1764619236367,"pid":26324,"hostname":"Max","err":{"type":"MongoParseError","message":"Invalid scheme, expected connection string to start with \"mongodb://\" or \"mongodb+srv://\"","stack":"MongoParseError: Invalid scheme, expected connection string to start with \"mongodb://\" or \"mongodb+srv://\"\n    at new ConnectionString (D:\\_courses\\84307-node.js-backend\\clase-07\\02.backend-integrador\\node_modules\\mongodb-connection-string-url\\lib\\index.js:85:19)\n    at parseOptions (D:\\_courses\\84307-node.js-backend\\clase-07\\02.backend-integrador\\node_modules\\mongodb\\lib\\connection_string.js:197:17)\n    at new MongoClient (D:\\_courses\\84307-node.js-backend\\clase-07\\02.backend-integrador\\node_modules\\mongodb\\lib\\mongo_client.js:67:61)\n    at NativeConnection.createClient (D:\\_courses\\84307-node.js-backend\\clase-07\\02.backend-integrador\\node_modules\\mongoose\\lib\\drivers\\node-mongodb-native\\connection.js:336:14)\n    at NativeConnection.openUri (D:\\_courses\\84307-node.js-backend\\clase-07\\02.backend-integrador\\node_modules\\mongoose\\lib\\connection.js:1075:34)\n    at Mongoose.connect (D:\\_courses\\84307-node.js-backend\\clase-07\\02.backend-integrador\\node_modules\\mongoose\\lib\\mongoose.js:451:15)\n    at handleConnection (file:///D:/_courses/84307-node.js-backend/clase-07/02.backend-integrador/utils/handle-connection.js:6:24)\n    at Server.<anonymous> (file:///D:/_courses/84307-node.js-backend/clase-07/02.backend-integrador/server.js:40:3)\n    at Server.f (D:\\_courses\\84307-node.js-backend\\clase-07\\02.backend-integrador\\node_modules\\once\\once.js:25:25)\n    at Object.onceWrapper (node:events:622:28)"},"msg":"Invalid scheme, expected connection string to start with \"mongodb://\" or \"mongodb+srv://\""}
{"level":30,"time":1764619257439,"pid":28476,"hostname":"Max","msg":"El servidor funciona correctamente en: http://localhost:8080"}
{"level":30,"time":1764619372970,"pid":7400,"hostname":"Max","msg":"El servidor funciona correctamente en: http://localhost:8080"}
{"level":30,"time":1764619384920,"pid":22036,"hostname":"Max","msg":"El servidor funciona correctamente en: http://localhost:8080"}
{"level":30,"time":1764619414085,"pid":23004,"hostname":"Max","msg":"El servidor funciona correctamente en: http://localhost:8080"}
{"level":30,"time":1764619425734,"pid":26328,"hostname":"Max","msg":"El servidor funciona correctamente en: http://localhost:8080"}
{"level":50,"time":1764619455754,"pid":26328,"hostname":"Max","msg":"No se pudo conectar a la base de datos"}
{"level":50,"time":1764619455754,"pid":26328,"hostname":"Max","err":{"type":"MongooseServerSelectionError","message":"connect ECONNREFUSED ::1:27017, connect ECONNREFUSED 127.0.0.1:27017","stack":"MongooseServerSelectionError: connect ECONNREFUSED ::1:27017, connect ECONNREFUSED 127.0.0.1:27017\n    at _handleConnectionErrors (D:\\_courses\\84307-node.js-backend\\clase-07\\02.backend-integrador\\node_modules\\mongoose\\lib\\connection.js:1169:11)\n    at NativeConnection.openUri (D:\\_courses\\84307-node.js-backend\\clase-07\\02.backend-integrador\\node_modules\\mongoose\\lib\\connection.js:1100:11)\n    at async handleConnection (file:///D:/_courses/84307-node.js-backend/clase-07/02.backend-integrador/utils/handle-connection.js:6:9)","errorLabelSet":{},"reason":{"type":"Unknown","servers":{"localhost:27017":{"address":"localhost:27017","type":"Unknown","hosts":[],"passives":[],"arbiters":[],"tags":{},"minWireVersion":0,"maxWireVersion":0,"roundTripTime":-1,"minRoundTripTime":0,"lastUpdateTime":11413189,"lastWriteDate":0,"error":{"errorLabelSet":{},"beforeHandshake":false},"topologyVersion":null,"setName":null,"setVersion":null,"electionId":null,"logicalSessionTimeoutMinutes":null,"maxMessageSizeBytes":null,"maxWriteBatchSize":null,"maxBsonObjectSize":null,"primary":null,"me":null,"$clusterTime":null,"iscryptd":false}},"stale":false,"compatible":true,"heartbeatFrequencyMS":10000,"localThresholdMS":15,"setName":null,"maxElectionId":null,"maxSetVersion":null,"commonWireVersion":0,"logicalSessionTimeoutMinutes":null},"cause":{"type":"Unknown","servers":{"localhost:27017":{"address":"localhost:27017","type":"Unknown","hosts":[],"passives":[],"arbiters":[],"tags":{},"minWireVersion":0,"maxWireVersion":0,"roundTripTime":-1,"minRoundTripTime":0,"lastUpdateTime":11413189,"lastWriteDate":0,"error":{"errorLabelSet":{},"beforeHandshake":false},"topologyVersion":null,"setName":null,"setVersion":null,"electionId":null,"logicalSessionTimeoutMinutes":null,"maxMessageSizeBytes":null,"maxWriteBatchSize":null,"maxBsonObjectSize":null,"primary":null,"me":null,"$clusterTime":null,"iscryptd":false}},"stale":false,"compatible":true,"heartbeatFrequencyMS":10000,"localThresholdMS":15,"setName":null,"maxElectionId":null,"maxSetVersion":null,"commonWireVersion":0,"logicalSessionTimeoutMinutes":null}},"msg":"connect ECONNREFUSED ::1:27017, connect ECONNREFUSED 127.0.0.1:27017"}
{"level":30,"time":1764619505916,"pid":18468,"hostname":"Max","msg":"El servidor funciona correctamente en: http://localhost:8080"}
{"level":30,"time":1764696431281,"pid":29664,"hostname":"Max","msg":"El servidor funciona correctamente en: http://localhost:8080"}
{"level":30,"time":1764696431318,"pid":29664,"hostname":"Max","msg":"Se conecto a la DB"}
{"level":30,"time":1764696539594,"pid":21588,"hostname":"Max","msg":"El servidor funciona correctamente en: http://localhost:8080"}
{"level":30,"time":1764696539623,"pid":21588,"hostname":"Max","msg":"Se conecto a la DB"}
{"level":30,"time":1764696831503,"pid":3128,"hostname":"Max","msg":"El servidor funciona correctamente en: http://localhost:8080"}
{"level":30,"time":1764696831537,"pid":3128,"hostname":"Max","msg":"Se conecto a la DB"}
{"level":30,"time":1764697068350,"pid":13784,"hostname":"Max","msg":"El servidor funciona correctamente en: http://localhost:8080"}
{"level":30,"time":1764697068375,"pid":13784,"hostname":"Max","msg":"Se conecto a la DB"}
{"level":30,"time":1764697105319,"pid":5728,"hostname":"Max","msg":"El servidor funciona correctamente en: http://localhost:8080"}
{"level":30,"time":1764697105347,"pid":5728,"hostname":"Max","msg":"Se conecto a la DB"}
{"level":30,"time":1764697128482,"pid":1828,"hostname":"Max","msg":"El servidor funciona correctamente en: http://localhost:8080"}
{"level":30,"time":1764697128507,"pid":1828,"hostname":"Max","msg":"Se conecto a la DB"}
{"level":30,"time":1764697228550,"pid":27356,"hostname":"Max","msg":"El servidor funciona correctamente en: http://localhost:8080"}
{"level":30,"time":1764697228576,"pid":27356,"hostname":"Max","msg":"Se conecto a la DB"}
{"level":30,"time":1764697239409,"pid":18292,"hostname":"Max","msg":"El servidor funciona correctamente en: http://localhost:8080"}
{"level":30,"time":1764697239435,"pid":18292,"hostname":"Max","msg":"Se conecto a la DB"}
{"level":30,"time":1764697291299,"pid":24760,"hostname":"Max","msg":"El servidor funciona correctamente en: http://localhost:8080"}
{"level":30,"time":1764697291330,"pid":24760,"hostname":"Max","msg":"Se conecto a la DB"}
{"level":50,"time":1764697607613,"pid":24760,"hostname":"Max","msg":"No se recibió la data"}
{"level":50,"time":1764697608295,"pid":24760,"hostname":"Max","msg":"No se recibió la data"}
{"level":30,"time":1764697647954,"pid":12072,"hostname":"Max","msg":"El servidor funciona correctamente en: http://localhost:8080"}
{"level":30,"time":1764697647980,"pid":12072,"hostname":"Max","msg":"Se conecto a la DB"}
{"level":50,"time":1764697649661,"pid":12072,"hostname":"Max","msg":"No se recibió la data"}
{"level":50,"time":1764697650340,"pid":12072,"hostname":"Max","msg":"No se recibió la data"}
{"level":50,"time":1764697650554,"pid":12072,"hostname":"Max","msg":"No se recibió la data"}
{"level":30,"time":1764697654590,"pid":3732,"hostname":"Max","msg":"El servidor funciona correctamente en: http://localhost:8080"}
{"level":30,"time":1764697654628,"pid":3732,"hostname":"Max","msg":"Se conecto a la DB"}
{"level":30,"time":1764697695583,"pid":21028,"hostname":"Max","msg":"El servidor funciona correctamente en: http://localhost:8080"}
{"level":30,"time":1764697695614,"pid":21028,"hostname":"Max","msg":"Se conecto a la DB"}
{"level":30,"time":1764697838400,"pid":10308,"hostname":"Max","msg":"El servidor funciona correctamente en: http://localhost:8080"}
{"level":30,"time":1764697838426,"pid":10308,"hostname":"Max","msg":"Se conecto a la DB"}
{"level":30,"time":1764697929647,"pid":9308,"hostname":"Max","msg":"El servidor funciona correctamente en: http://localhost:8080"}
{"level":30,"time":1764697929672,"pid":9308,"hostname":"Max","msg":"Se conecto a la DB"}
{"level":30,"time":1764697965708,"pid":19760,"hostname":"Max","msg":"El servidor funciona correctamente en: http://localhost:8080"}
{"level":30,"time":1764697965735,"pid":19760,"hostname":"Max","msg":"Se conecto a la DB"}
{"level":30,"time":1764697996018,"pid":24440,"hostname":"Max","msg":"El servidor funciona correctamente en: http://localhost:8080"}
{"level":30,"time":1764697996047,"pid":24440,"hostname":"Max","msg":"Se conecto a la DB"}
{"level":30,"time":1764698006306,"pid":19992,"hostname":"Max","msg":"El servidor funciona correctamente en: http://localhost:8080"}
{"level":30,"time":1764698006331,"pid":19992,"hostname":"Max","msg":"Se conecto a la DB"}
{"level":30,"time":1764698363918,"pid":13684,"hostname":"Max","msg":"El servidor funciona correctamente en: http://localhost:8080"}
{"level":30,"time":1764698363972,"pid":13684,"hostname":"Max","msg":"Se conecto a la DB"}
{"level":30,"time":1764698484718,"pid":12112,"hostname":"Max","msg":"El servidor funciona correctamente en: http://localhost:8080"}
{"level":30,"time":1764698484745,"pid":12112,"hostname":"Max","msg":"Se conecto a la DB"}
{"level":30,"time":1764698707133,"pid":10120,"hostname":"Max","msg":"El servidor funciona correctamente en: http://localhost:8080"}
{"level":30,"time":1764698707159,"pid":10120,"hostname":"Max","msg":"Se conecto a la DB"}
{"level":30,"time":1764699007185,"pid":20256,"hostname":"Max","msg":"El servidor funciona correctamente en: http://localhost:8080"}
{"level":30,"time":1764699007211,"pid":20256,"hostname":"Max","msg":"Se conecto a la DB"}
{"level":30,"time":1764699011719,"pid":9048,"hostname":"Max","msg":"El servidor funciona correctamente en: http://localhost:8080"}
{"level":30,"time":1764699011760,"pid":9048,"hostname":"Max","msg":"Se conecto a la DB"}
{"level":30,"time":1764699989660,"pid":3036,"hostname":"Max","msg":"El servidor funciona correctamente en: http://localhost:8080"}
{"level":30,"time":1764699989689,"pid":3036,"hostname":"Max","msg":"Se conecto a la DB"}
{"level":30,"time":1764700192007,"pid":25672,"hostname":"Max","msg":"El servidor funciona correctamente en: http://localhost:8080"}
{"level":30,"time":1764700192031,"pid":25672,"hostname":"Max","msg":"Se conecto a la DB"}
{"level":30,"time":1764700229488,"pid":25920,"hostname":"Max","msg":"El servidor funciona correctamente en: http://localhost:8080"}
{"level":30,"time":1764700229519,"pid":25920,"hostname":"Max","msg":"Se conecto a la DB"}
{"level":30,"time":1764700305051,"pid":28832,"hostname":"Max","msg":"El servidor funciona correctamente en: http://localhost:8080"}
{"level":30,"time":1764700305078,"pid":28832,"hostname":"Max","msg":"Se conecto a la DB"}
{"level":30,"time":1764700316053,"pid":26716,"hostname":"Max","msg":"El servidor funciona correctamente en: http://localhost:8080"}
{"level":30,"time":1764700316082,"pid":26716,"hostname":"Max","msg":"Se conecto a la DB"}
{"level":30,"time":1764700325378,"pid":28284,"hostname":"Max","msg":"El servidor funciona correctamente en: http://localhost:8080"}
{"level":30,"time":1764700325415,"pid":28284,"hostname":"Max","msg":"Se conecto a la DB"}
{"level":30,"time":1764700789690,"pid":24100,"hostname":"Max","msg":"El servidor funciona correctamente en: http://localhost:8080"}
{"level":30,"time":1764700789720,"pid":24100,"hostname":"Max","msg":"Se conecto a la DB"}
{"level":30,"time":1764700842352,"pid":2104,"hostname":"Max","msg":"El servidor funciona correctamente en: http://localhost:8080"}
{"level":30,"time":1764700842380,"pid":2104,"hostname":"Max","msg":"Se conecto a la DB"}
{"level":30,"time":1764700848023,"pid":6052,"hostname":"Max","msg":"El servidor funciona correctamente en: http://localhost:8080"}
{"level":30,"time":1764700848049,"pid":6052,"hostname":"Max","msg":"Se conecto a la DB"}
{"level":30,"time":1764701069660,"pid":27408,"hostname":"Max","msg":"El servidor funciona correctamente en: http://localhost:8080"}
{"level":30,"time":1764701069690,"pid":27408,"hostname":"Max","msg":"Se conecto a la DB"}
{"level":30,"time":1764701114794,"pid":19148,"hostname":"Max","msg":"El servidor funciona correctamente en: http://localhost:8080"}
{"level":30,"time":1764701114832,"pid":19148,"hostname":"Max","msg":"Se conecto a la DB"}
{"level":30,"time":1764701161339,"pid":6052,"hostname":"Max","msg":"El servidor funciona correctamente en: http://localhost:8080"}
{"level":30,"time":1764701161375,"pid":6052,"hostname":"Max","msg":"Se conecto a la DB"}
{"level":30,"time":1764701172078,"pid":26464,"hostname":"Max","msg":"El servidor funciona correctamente en: http://localhost:8080"}
{"level":30,"time":1764701172117,"pid":26464,"hostname":"Max","msg":"Se conecto a la DB"}
{"level":30,"time":1764701176290,"pid":28640,"hostname":"Max","msg":"El servidor funciona correctamente en: http://localhost:8080"}
{"level":30,"time":1764701176319,"pid":28640,"hostname":"Max","msg":"Se conecto a la DB"}
{"level":30,"time":1764701179352,"pid":11208,"hostname":"Max","msg":"El servidor funciona correctamente en: http://localhost:8080"}
{"level":30,"time":1764701179380,"pid":11208,"hostname":"Max","msg":"Se conecto a la DB"}
{"level":30,"time":1764701182944,"pid":23572,"hostname":"Max","msg":"El servidor funciona correctamente en: http://localhost:8080"}
{"level":30,"time":1764701182993,"pid":23572,"hostname":"Max","msg":"Se conecto a la DB"}
{"level":30,"time":1764701194653,"pid":20692,"hostname":"Max","msg":"El servidor funciona correctamente en: http://localhost:8080"}
{"level":30,"time":1764701194687,"pid":20692,"hostname":"Max","msg":"Se conecto a la DB"}
{"level":30,"time":1764701216701,"pid":9992,"hostname":"Max","msg":"El servidor funciona correctamente en: http://localhost:8080"}
{"level":30,"time":1764701216728,"pid":9992,"hostname":"Max","msg":"Se conecto a la DB"}
{"level":30,"time":1764701230480,"pid":25076,"hostname":"Max","msg":"El servidor funciona correctamente en: http://localhost:8080"}
{"level":30,"time":1764701230509,"pid":25076,"hostname":"Max","msg":"Se conecto a la DB"}
{"level":30,"time":1764701248475,"pid":13644,"hostname":"Max","msg":"El servidor funciona correctamente en: http://localhost:8080"}
{"level":30,"time":1764701248512,"pid":13644,"hostname":"Max","msg":"Se conecto a la DB"}
{"level":30,"time":1764701286832,"pid":27960,"hostname":"Max","msg":"El servidor funciona correctamente en: http://localhost:8080"}
{"level":30,"time":1764701286868,"pid":27960,"hostname":"Max","msg":"Se conecto a la DB"}
{"level":30,"time":1764701293768,"pid":5080,"hostname":"Max","msg":"El servidor funciona correctamente en: http://localhost:8080"}
{"level":30,"time":1764701293797,"pid":5080,"hostname":"Max","msg":"Se conecto a la DB"}
{"level":30,"time":1764701303423,"pid":9460,"hostname":"Max","msg":"El servidor funciona correctamente en: http://localhost:8080"}
{"level":30,"time":1764701303450,"pid":9460,"hostname":"Max","msg":"Se conecto a la DB"}
{"level":30,"time":1764701320831,"pid":28576,"hostname":"Max","msg":"El servidor funciona correctamente en: http://localhost:8080"}
{"level":30,"time":1764701320858,"pid":28576,"hostname":"Max","msg":"Se conecto a la DB"}
{"level":30,"time":1764702686450,"pid":22292,"hostname":"Max","msg":"El servidor funciona correctamente en: http://localhost:8080"}
{"level":30,"time":1764702686477,"pid":22292,"hostname":"Max","msg":"Se conecto a la DB"}
{"level":30,"time":1764702697038,"pid":5872,"hostname":"Max","msg":"El servidor funciona correctamente en: http://localhost:8080"}
{"level":30,"time":1764702697066,"pid":5872,"hostname":"Max","msg":"Se conecto a la DB"}
{"level":30,"time":1764702860666,"pid":30456,"hostname":"Max","msg":"El servidor funciona correctamente en: http://localhost:8080"}
{"level":30,"time":1764702860692,"pid":30456,"hostname":"Max","msg":"Se conecto a la DB"}
{"level":30,"time":1764702875352,"pid":30008,"hostname":"Max","msg":"El servidor funciona correctamente en: http://localhost:8080"}
{"level":30,"time":1764702875378,"pid":30008,"hostname":"Max","msg":"Se conecto a la DB"}
{"level":30,"time":1764702917018,"pid":16200,"hostname":"Max","msg":"El servidor funciona correctamente en: http://localhost:8080"}
{"level":30,"time":1764702917043,"pid":16200,"hostname":"Max","msg":"Se conecto a la DB"}
{"level":30,"time":1764702922046,"pid":27956,"hostname":"Max","msg":"El servidor funciona correctamente en: http://localhost:8080"}
{"level":30,"time":1764702922071,"pid":27956,"hostname":"Max","msg":"Se conecto a la DB"}
{"level":30,"time":1764703031505,"pid":3640,"hostname":"Max","msg":"El servidor funciona correctamente en: http://localhost:8080"}
{"level":30,"time":1764703031533,"pid":3640,"hostname":"Max","msg":"Se conecto a la DB"}
{"level":30,"time":1764703292545,"pid":13372,"hostname":"Max","msg":"El servidor funciona correctamente en: http://localhost:8080"}
{"level":30,"time":1764703292570,"pid":13372,"hostname":"Max","msg":"Se conecto a la DB"}
